#
# A fatal error has been detected by the Java Runtime Environment:
#
#  EXCEPTION_ACCESS_VIOLATION (0xc0000005) at pc=0x00007ffab95fcfd7, pid=19520, tid=18132
#
# JRE version: OpenJDK Runtime Environment Temurin-17.0.13+11 (17.0.13+11) (build 17.0.13+11)
# Java VM: OpenJDK 64-Bit Server VM Temurin-17.0.13+11 (17.0.13+11, mixed mode, tiered, compressed oops, compressed class ptrs, parallel gc, windows-amd64)
# Problematic frame:
# V  [jvm.dll+0x54cfd7]
#
# No core dump will be written. Minidumps are not enabled by default on client versions of Windows
#
# If you would like to submit a bug report, please visit:
#   https://github.com/adoptium/adoptium-support/issues
#

---------------  S U M M A R Y ------------

Command Line: --add-modules=ALL-SYSTEM --add-opens=java.base/java.util=ALL-UNNAMED --add-opens=java.base/java.lang=ALL-UNNAMED --add-opens=java.base/sun.nio.fs=ALL-UNNAMED -Declipse.application=org.eclipse.jdt.ls.core.id1 -Dosgi.bundles.defaultStartLevel=4 -Declipse.product=org.eclipse.jdt.ls.core.product -Djava.import.generatesMetadataFilesAtProjectRoot=false -DDetectVMInstallationsJob.disabled=true -Dfile.encoding=utf8 -XX:+UseParallelGC -XX:GCTimeRatio=4 -XX:AdaptiveSizePolicyWeight=90 -Dsun.zip.disableMemoryMapping=true -Xmx1G -Xms100m -Xlog:disable -javaagent:c:\Users\nguye\.vscode\extensions\redhat.java-1.37.0-win32-x64\lombok\lombok-1.18.34.jar -XX:+HeapDumpOnOutOfMemoryError -XX:HeapDumpPath=c:\Users\nguye\AppData\Roaming\Code\User\workspaceStorage\aed91de4511fc9217d01603f6463c4db\redhat.java -Daether.dependencyCollector.impl=bf c:\Users\nguye\.vscode\extensions\redhat.java-1.37.0-win32-x64\server\plugins\org.eclipse.equinox.launcher_1.6.900.v20240613-2009.jar -configuration c:\Users\nguye\AppData\Roaming\Code\User\globalStorage\redhat.java\1.37.0\config_win -data c:\Users\nguye\AppData\Roaming\Code\User\workspaceStorage\aed91de4511fc9217d01603f6463c4db\redhat.java\jdt_ws --pipe=\\.\pipe\lsp-9823f2fd995a7a96b7abbbfc4a317caa-sock

Host: 12th Gen Intel(R) Core(TM) i7-12700H, 20 cores, 15G,  Windows 11 , 64 bit Build 26100 (10.0.26100.2161)
Time: Fri Nov 29 15:01:51 2024 SE Asia Standard Time elapsed time: 26.470866 seconds (0d 0h 0m 26s)

---------------  T H R E A D  ---------------

Current thread (0x0000020cdf603770):  JavaThread "C2 CompilerThread4" daemon [_thread_in_native, id=18132, stack(0x0000004319600000,0x0000004319700000)]


Current CompileTask:
C2:  26470 13718   !   4       com.google.common.cache.LocalCache$Segment::get (210 bytes)

Stack: [0x0000004319600000,0x0000004319700000],  sp=0x00000043196fba50,  free space=1006k
Native frames: (J=compiled Java code, j=interpreted, Vv=VM code, C=native code)
V  [jvm.dll+0x54cfd7]
V  [jvm.dll+0x32fd00]
V  [jvm.dll+0x32f05a]
V  [jvm.dll+0x21804f]
V  [jvm.dll+0x21748f]
V  [jvm.dll+0x1a3070]
V  [jvm.dll+0x22788c]
V  [jvm.dll+0x2259eb]
V  [jvm.dll+0x7eec98]
V  [jvm.dll+0x7e8ffc]
V  [jvm.dll+0x6818f7]
C  [ucrtbase.dll+0x14ea0]
C  [KERNEL32.DLL+0x2dbe7]
C  [ntdll.dll+0xdfbec]


siginfo: EXCEPTION_ACCESS_VIOLATION (0xc0000005), reading address 0xffffffffffffffff


Registers:
RAX=0x0000020ceea46460, RBX=0x0000020cecbc2340, RCX=0x0000000000000097, RDX=0x0000020ce03e8bfc
RSP=0x00000043196fba50, RBP=0x00000043196fbb50, RSI=0x0000020cece87d08, RDI=0x0000000000000001
R8 =0x0000020cdf422550, R9 =0x0000020ce36eec90, R10=0x00000043196fbe30, R11=0x0000000000000001
R12=0x00000043196fbbd0, R13=0x00000043196fc070, R14=0xbf800000bf800000, R15=0x0000020cede87d08
RIP=0x00007ffab95fcfd7, EFLAGS=0x0000000000010287


Register to memory mapping:

RIP=0x00007ffab95fcfd7 jvm.dll
RAX=0x0000020ceea46460 points into unknown readable memory: 0x0000020cecbbf060 | 60 f0 bb ec 0c 02 00 00
RBX=0x0000020cecbc2340 points into unknown readable memory: 0x00007ffab99d1530 | 30 15 9d b9 fa 7f 00 00
RCX=0x0000000000000097 is an unknown value
RDX=0x0000020ce03e8bfc points into unknown readable memory: 00 00 00 00
RSP=0x00000043196fba50 is pointing into the stack for thread: 0x0000020cdf603770
RBP=0x00000043196fbb50 is pointing into the stack for thread: 0x0000020cdf603770
RSI=0x0000020cece87d08 points into unknown readable memory: 0xbf800000bf800000 | 00 00 80 bf 00 00 80 bf
RDI=0x0000000000000001 is an unknown value
R8 =0x0000020cdf422550 points into unknown readable memory: 0x000000040000000c | 0c 00 00 00 04 00 00 00
R9 =0x0000020ce36eec90 points into unknown readable memory: 0x000000007fff7fff | ff 7f ff 7f 00 00 00 00
R10=0x00000043196fbe30 is pointing into the stack for thread: 0x0000020cdf603770
R11=0x0000000000000001 is an unknown value
R12=0x00000043196fbbd0 is pointing into the stack for thread: 0x0000020cdf603770
R13=0x00000043196fc070 is pointing into the stack for thread: 0x0000020cdf603770
R14=0xbf800000bf800000 is an unknown value
R15=0x0000020cede87d08 points into unknown readable memory: 0x0000020cf046a068 | 68 a0 46 f0 0c 02 00 00


Top of Stack: (sp=0x00000043196fba50)
0x00000043196fba50:   0000004300000001 0000020cdf422550
0x00000043196fba60:   0000020cee091601 0000020ce36eec90
0x00000043196fba70:   00000043196fbc01 0000020c0000000e
0x00000043196fba80:   0000020ce36eec90 0000000000000000
0x00000043196fba90:   000010d70000000f 0000020cdf4d4c40
0x00000043196fbaa0:   0000020cecb45170 0000000000000004
0x00000043196fbab0:   0000020cf0e9ad20 00007ffb00000002
0x00000043196fbac0:   0000020cecb45170 00007ffa00000004
0x00000043196fbad0:   0000020cf0e9ad00 0000000000000000
0x00000043196fbae0:   0000020cdf4d4c10 00007ffab915cfd9
0x00000043196fbaf0:   0000020cc1549820 0000020ce3708fc0
0x00000043196fbb00:   0000020cecb45170 0000020ce3708fc0
0x00000043196fbb10:   000000000014fd20 0000020ce3709010
0x00000043196fbb20:   0000020ce3710fa8 00007ffa00000020
0x00000043196fbb30:   0000020cec52dec8 0000000000000020
0x00000043196fbb40:   0000020cecb45170 0000000000000000
0x00000043196fbb50:   00000000000b9320 0000020cdc90dd90
0x00000043196fbb60:   0000020cdc90dda0 00000043196fc070
0x00000043196fbb70:   00000000000003d8 0000020ce36eec90
0x00000043196fbb80:   0000020cdc90e178 00000000000001d6
0x00000043196fbb90:   00000043196fbca0 00007ffab93dfd00
0x00000043196fbba0:   00000043196fc070 00000043196fbc01
0x00000043196fbbb0:   00000043196fbbd0 00000043196fbc38
0x00000043196fbbc0:   0000020ce36eec90 0000000000000b6f
0x00000043196fbbd0:   000010d7000010d7 0000020ce03e89a0
0x00000043196fbbe0:   0000000000000000 0000000000000006
0x00000043196fbbf0:   0000020cdc90dd90 0000020ce2f9bf60
0x00000043196fbc00:   0000020ce2fa0590 0000020ce2fa3f48
0x00000043196fbc10:   0000000000287330 0000020cefb491c0
0x00000043196fbc20:   0000020cefb4d590 0000020cefb491d0
0x00000043196fbc30:   0000020cecb45170 0000020c00000100
0x00000043196fbc40:   0000020cefb48dd0 0000020c00000100 

Instructions: (pc=0x00007ffab95fcfd7)
0x00007ffab95fced7:   00 00 00 0f 10 0d bf 8c 5e 00 c7 87 a0 00 00 00
0x00007ffab95fcee7:   e7 03 00 00 c7 47 2c 08 02 00 00 0f 11 8f 90 00
0x00007ffab95fcef7:   00 00 eb 03 49 8b ff 8b 77 28 41 3b 75 68 72 0b
0x00007ffab95fcf07:   8b d6 49 8d 4d 68 e8 ce 2d bd ff 49 8b 45 78 48
0x00007ffab95fcf17:   8d 4b 10 4c 8b c7 41 8b d4 48 89 1c f0 e8 c7 39
0x00007ffab95fcf27:   11 00 ff 43 28 41 ff c4 49 8b 45 60 33 d2 44 89
0x00007ffab95fcf37:   64 24 40 41 b8 01 00 00 00 4c 8b 90 30 0c 00 00
0x00007ffab95fcf47:   66 0f 1f 84 00 00 00 00 00 8b c2 48 c1 e8 06 44
0x00007ffab95fcf57:   8b ca 4c 85 44 c5 a0 75 3f 41 0f b6 02 2c 41 a8
0x00007ffab95fcf67:   fd 75 35 8b c2 c1 e8 06 3b 87 9c 00 00 00 76 06
0x00007ffab95fcf77:   89 87 9c 00 00 00 3b 87 98 00 00 00 73 06 89 87
0x00007ffab95fcf87:   98 00 00 00 8b c8 41 83 e1 3f 48 8b 44 c7 40 4c
0x00007ffab95fcf97:   0f ab c8 48 89 44 cf 40 ff c2 49 d1 c0 49 ff c2
0x00007ffab95fcfa7:   81 fa 2f 02 00 00 7c a1 49 8b 76 10 41 8b 46 20
0x00007ffab95fcfb7:   4c 8d 3c c6 49 3b f7 73 78 4c 8b 65 60 0f 1f 40
0x00007ffab95fcfc7:   00 0f 1f 84 00 00 00 00 00 4c 8b 36 49 8b 45 78
0x00007ffab95fcfd7:   41 8b 4e 28 48 39 1c c8 75 49 41 8b 46 2c 83 e0
0x00007ffab95fcfe7:   0f 3c 0c 74 3e 3b 4c 24 44 73 38 49 8b 44 24 08
0x00007ffab95fcff7:   48 63 c9 83 2c 88 01 48 8d 14 88 75 26 8b 7c 24
0x00007ffab95fd007:   68 8d 47 01 89 44 24 68 3b 7c 24 58 72 0c 8b d7
0x00007ffab95fd017:   48 8d 4c 24 50 e8 bf 33 11 00 48 8b 44 24 60 4c
0x00007ffab95fd027:   89 34 f8 48 83 c6 08 49 3b f7 72 9d 44 8b 64 24
0x00007ffab95fd037:   40 4c 8b 75 60 83 7c 24 68 00 48 8d 7b 10 0f b6
0x00007ffab95fd047:   75 58 0f 85 11 fc ff ff 8b 7b 28 4c 8b bc 24 08
0x00007ffab95fd057:   01 00 00 ff cf 3b 7b 18 73 0a 48 8b 43 20 48 8b
0x00007ffab95fd067:   34 f8 eb 02 33 f6 48 8b 06 48 8b ce ff 50 20 48
0x00007ffab95fd077:   3b c6 48 8b b4 24 20 01 00 00 74 03 2b 7b 48 44
0x00007ffab95fd087:   3b e7 4c 8b a4 24 10 01 00 00 48 8b bc 24 18 01
0x00007ffab95fd097:   00 00 74 43 49 8b 4d 08 80 79 14 01 75 29 48 8b
0x00007ffab95fd0a7:   81 70 01 00 00 48 83 78 58 00 75 1b 48 83 b9 88
0x00007ffab95fd0b7:   01 00 00 00 75 11 e8 5e 68 c5 ff 49 8b 4d 08 48
0x00007ffab95fd0c7:   8b d0 e8 f2 55 cd ff 32 c0 48 81 c4 28 01 00 00 


Stack slot to memory mapping:
stack at sp + 0 slots: 0x0000004300000001 is an unknown value
stack at sp + 1 slots: 0x0000020cdf422550 points into unknown readable memory: 0x000000040000000c | 0c 00 00 00 04 00 00 00
stack at sp + 2 slots: 0x0000020cee091601 points into unknown readable memory: 00 00 00 00 00 00 00
stack at sp + 3 slots: 0x0000020ce36eec90 points into unknown readable memory: 0x000000007fff7fff | ff 7f ff 7f 00 00 00 00
stack at sp + 4 slots: 0x00000043196fbc01 is pointing into the stack for thread: 0x0000020cdf603770
stack at sp + 5 slots: 0x0000020c0000000e is an unknown value
stack at sp + 6 slots: 0x0000020ce36eec90 points into unknown readable memory: 0x000000007fff7fff | ff 7f ff 7f 00 00 00 00
stack at sp + 7 slots: 0x0 is NULL


---------------  P R O C E S S  ---------------

Threads class SMR info:
_java_thread_list=0x0000020ceeea9350, length=120, elements={
0x0000020cc304f9b0, 0x0000020cd7705020, 0x0000020cc30fde60, 0x0000020cd770d240,
0x0000020cd770dcb0, 0x0000020cdc8bcb90, 0x0000020cdc8bf280, 0x0000020cdc8ca680,
0x0000020cdc8cec60, 0x0000020cdc8d4d70, 0x0000020cdca0e390, 0x0000020cdf0bd620,
0x0000020cdfb86ae0, 0x0000020cdf3e9cc0, 0x0000020cdf3ea1d0, 0x0000020cdf3eb100,
0x0000020ce01b99d0, 0x0000020ce01b7660, 0x0000020ce01b7b70, 0x0000020ce01b8080,
0x0000020ce01bbd40, 0x0000020ce01bc760, 0x0000020ce01bc250, 0x0000020ce01bdba0,
0x0000020ce01bd180, 0x0000020ce01be0b0, 0x0000020ce01be5c0, 0x0000020ce226a660,
0x0000020ce226c4c0, 0x0000020ce226b590, 0x0000020ce226baa0, 0x0000020ce2269c40,
0x0000020ce226ab70, 0x0000020ce226bfb0, 0x0000020ce226c9d0, 0x0000020ce226a150,
0x0000020ce226cee0, 0x0000020ce2269730, 0x0000020ce226d3f0, 0x0000020ce226b080,
0x0000020ce226f250, 0x0000020ce226d900, 0x0000020ce2270690, 0x0000020ce2270ba0,
0x0000020ce226fc70, 0x0000020ce226e320, 0x0000020ce2270180, 0x0000020ce22710b0,
0x0000020ce226e830, 0x0000020ce226ed40, 0x0000020ce226f760, 0x0000020cedf12c60,
0x0000020cedf12710, 0x0000020cedf10c80, 0x0000020cdc94ae80, 0x0000020cdc94a970,
0x0000020cdc94b390, 0x0000020cdc94b8a0, 0x0000020cdc9480f0, 0x0000020cdc94bdb0,
0x0000020cdc949530, 0x0000020cdc948600, 0x0000020cdc94c2c0, 0x0000020cdc948b10,
0x0000020cdc94d1f0, 0x0000020cdc94d700, 0x0000020cdc94eb40, 0x0000020cdc94dc10,
0x0000020cdc94c7d0, 0x0000020cdc94f050, 0x0000020cdc94cce0, 0x0000020cdc94e120,
0x0000020cdc94e630, 0x0000020cdc94f560, 0x0000020cdf1f0040, 0x0000020cdf1f23b0,
0x0000020cdf1f0550, 0x0000020cdf1f0a60, 0x0000020cdf1f1990, 0x0000020cdf1f28c0,
0x0000020cdf1f0f70, 0x0000020cdf1f2dd0, 0x0000020cdf1ef620, 0x0000020cdf1f32e0,
0x0000020cdf1f1480, 0x0000020cdf1f1ea0, 0x0000020cdf1efb30, 0x0000020cdf1f37f0,
0x0000020cdf1f5b60, 0x0000020cdf1f5140, 0x0000020cdf1f6a90, 0x0000020cdf1f5650,
0x0000020cdf1f6fa0, 0x0000020cdf3e97b0, 0x0000020ce2035580, 0x0000020ce2036ed0,
0x0000020ce2033c30, 0x0000020ce2034140, 0x0000020ce2035fa0, 0x0000020ce20364b0,
0x0000020ce2034b60, 0x0000020ce2034650, 0x0000020ce2035070, 0x0000020ce2035a90,
0x0000020ce20369c0, 0x0000020ce2033720, 0x0000020ce20373e0, 0x0000020ce203a170,
0x0000020cedf13c50, 0x0000020cdf602cd0, 0x0000020cdf603220, 0x0000020cdf603770,
0x0000020cdf604210, 0x0000020cdf604760, 0x0000020cf08b1a60, 0x0000020ce2039240,
0x0000020ce203b0a0, 0x0000020ce203ab90, 0x0000020ce2037e00, 0x0000020ce01b8590
}

Java Threads: ( => current thread )
  0x0000020cc304f9b0 JavaThread "main" [_thread_blocked, id=19540, stack(0x0000004318200000,0x0000004318300000)]
  0x0000020cd7705020 JavaThread "Reference Handler" daemon [_thread_blocked, id=19584, stack(0x0000004318500000,0x0000004318600000)]
  0x0000020cc30fde60 JavaThread "Finalizer" daemon [_thread_blocked, id=19592, stack(0x0000004318600000,0x0000004318700000)]
  0x0000020cd770d240 JavaThread "Signal Dispatcher" daemon [_thread_blocked, id=19604, stack(0x0000004318700000,0x0000004318800000)]
  0x0000020cd770dcb0 JavaThread "Attach Listener" daemon [_thread_blocked, id=19608, stack(0x0000004318800000,0x0000004318900000)]
  0x0000020cdc8bcb90 JavaThread "Service Thread" daemon [_thread_blocked, id=19612, stack(0x0000004318900000,0x0000004318a00000)]
  0x0000020cdc8bf280 JavaThread "Monitor Deflation Thread" daemon [_thread_blocked, id=19616, stack(0x0000004318a00000,0x0000004318b00000)]
  0x0000020cdc8ca680 JavaThread "C2 CompilerThread0" daemon [_thread_in_native, id=19620, stack(0x0000004318b00000,0x0000004318c00000)]
  0x0000020cdc8cec60 JavaThread "C1 CompilerThread0" daemon [_thread_blocked, id=19624, stack(0x0000004318c00000,0x0000004318d00000)]
  0x0000020cdc8d4d70 JavaThread "Sweeper thread" daemon [_thread_blocked, id=19628, stack(0x0000004318d00000,0x0000004318e00000)]
  0x0000020cdca0e390 JavaThread "Common-Cleaner" daemon [_thread_blocked, id=19648, stack(0x0000004318e00000,0x0000004318f00000)]
  0x0000020cdf0bd620 JavaThread "Notification Thread" daemon [_thread_blocked, id=19672, stack(0x0000004319400000,0x0000004319500000)]
  0x0000020cdfb86ae0 JavaThread "Active Thread: Equinox Container: 3ae1de41-2163-46a1-bf86-e215da9b0dfe" [_thread_blocked, id=19760, stack(0x000000431a300000,0x000000431a400000)]
  0x0000020cdf3e9cc0 JavaThread "Framework Event Dispatcher: Equinox Container: 3ae1de41-2163-46a1-bf86-e215da9b0dfe" daemon [_thread_blocked, id=19804, stack(0x000000431a400000,0x000000431a500000)]
  0x0000020cdf3ea1d0 JavaThread "Start Level: Equinox Container: 3ae1de41-2163-46a1-bf86-e215da9b0dfe" daemon [_thread_blocked, id=19808, stack(0x000000431a500000,0x000000431a600000)]
  0x0000020cdf3eb100 JavaThread "Refresh Thread: Equinox Container: 3ae1de41-2163-46a1-bf86-e215da9b0dfe" daemon [_thread_blocked, id=20080, stack(0x000000431a900000,0x000000431aa00000)]
  0x0000020ce01b99d0 JavaThread "Bundle File Closer" daemon [_thread_blocked, id=20148, stack(0x000000431b900000,0x000000431ba00000)]
  0x0000020ce01b7660 JavaThread "SCR Component Actor" daemon [_thread_blocked, id=20168, stack(0x000000431bc00000,0x000000431bd00000)]
  0x0000020ce01b7b70 JavaThread "Worker-JM" [_thread_blocked, id=20256, stack(0x000000431bf00000,0x000000431c000000)]
  0x0000020ce01b8080 JavaThread "JNA Cleaner" daemon [_thread_blocked, id=20276, stack(0x000000431c000000,0x000000431c100000)]
  0x0000020ce01bbd40 JavaThread "Worker-0: Initialize workspace" [_thread_in_native, id=20280, stack(0x000000431a800000,0x000000431a900000)]
  0x0000020ce01bc760 JavaThread "Worker-1" [_thread_blocked, id=20284, stack(0x000000431c100000,0x000000431c200000)]
  0x0000020ce01bc250 JavaThread "Worker-2" [_thread_blocked, id=20300, stack(0x000000431c400000,0x000000431c500000)]
  0x0000020ce01bdba0 JavaThread "Java indexing" daemon [_thread_blocked, id=20328, stack(0x000000431c500000,0x000000431c600000)]
  0x0000020ce01bd180 JavaThread "Thread-2" daemon [_thread_in_native, id=20340, stack(0x000000431c800000,0x000000431c900000)]
  0x0000020ce01be0b0 JavaThread "Thread-3" daemon [_thread_in_native, id=20344, stack(0x000000431c900000,0x000000431ca00000)]
  0x0000020ce01be5c0 JavaThread "Thread-4" daemon [_thread_in_native, id=20348, stack(0x000000431ca00000,0x000000431cb00000)]
  0x0000020ce226a660 JavaThread "Thread-5" daemon [_thread_in_native, id=20352, stack(0x000000431cb00000,0x000000431cc00000)]
  0x0000020ce226c4c0 JavaThread "Thread-6" daemon [_thread_in_native, id=20356, stack(0x000000431cc00000,0x000000431cd00000)]
  0x0000020ce226b590 JavaThread "Thread-7" daemon [_thread_in_native, id=20360, stack(0x000000431cd00000,0x000000431ce00000)]
  0x0000020ce226baa0 JavaThread "Thread-8" daemon [_thread_in_native, id=20364, stack(0x000000431ce00000,0x000000431cf00000)]
  0x0000020ce2269c40 JavaThread "Thread-9" daemon [_thread_in_native, id=20368, stack(0x000000431cf00000,0x000000431d000000)]
  0x0000020ce226ab70 JavaThread "Thread-10" daemon [_thread_in_native, id=20372, stack(0x000000431d000000,0x000000431d100000)]
  0x0000020ce226bfb0 JavaThread "Thread-11" daemon [_thread_in_native, id=20376, stack(0x000000431d100000,0x000000431d200000)]
  0x0000020ce226c9d0 JavaThread "Thread-12" daemon [_thread_in_native, id=20380, stack(0x000000431d200000,0x000000431d300000)]
  0x0000020ce226a150 JavaThread "Thread-13" daemon [_thread_in_native, id=20384, stack(0x000000431d300000,0x000000431d400000)]
  0x0000020ce226cee0 JavaThread "Thread-14" daemon [_thread_in_native, id=20388, stack(0x000000431d400000,0x000000431d500000)]
  0x0000020ce2269730 JavaThread "Thread-15" daemon [_thread_in_native, id=20392, stack(0x000000431d500000,0x000000431d600000)]
  0x0000020ce226d3f0 JavaThread "Thread-16" daemon [_thread_in_native, id=20396, stack(0x000000431d600000,0x000000431d700000)]
  0x0000020ce226b080 JavaThread "Thread-17" daemon [_thread_in_native, id=20400, stack(0x000000431d700000,0x000000431d800000)]
  0x0000020ce226f250 JavaThread "Thread-18" daemon [_thread_in_native, id=20404, stack(0x000000431d800000,0x000000431d900000)]
  0x0000020ce226d900 JavaThread "Thread-19" daemon [_thread_in_native, id=20408, stack(0x000000431d900000,0x000000431da00000)]
  0x0000020ce2270690 JavaThread "Thread-20" daemon [_thread_in_native, id=20412, stack(0x000000431da00000,0x000000431db00000)]
  0x0000020ce2270ba0 JavaThread "Thread-21" daemon [_thread_in_native, id=20416, stack(0x000000431db00000,0x000000431dc00000)]
  0x0000020ce226fc70 JavaThread "Thread-22" daemon [_thread_in_native, id=20420, stack(0x000000431dc00000,0x000000431dd00000)]
  0x0000020ce226e320 JavaThread "pool-2-thread-1" [_thread_blocked, id=20424, stack(0x000000431dd00000,0x000000431de00000)]
  0x0000020ce2270180 JavaThread "Worker-3" [_thread_blocked, id=19492, stack(0x000000431df00000,0x000000431e000000)]
  0x0000020ce22710b0 JavaThread "Worker-4" [_thread_blocked, id=19496, stack(0x000000431e000000,0x000000431e100000)]
  0x0000020ce226e830 JavaThread "WorkspaceEventsHandler" [_thread_blocked, id=18732, stack(0x000000431e400000,0x000000431e500000)]
  0x0000020ce226ed40 JavaThread "pool-1-thread-1" [_thread_blocked, id=3856, stack(0x000000431e500000,0x000000431e600000)]
  0x0000020ce226f760 JavaThread "Worker-5" [_thread_blocked, id=18724, stack(0x000000431e600000,0x000000431e700000)]
  0x0000020cedf12c60 JavaThread "C1 CompilerThread1" daemon [_thread_blocked, id=19940, stack(0x0000004318f00000,0x0000004319000000)]
  0x0000020cedf12710 JavaThread "C1 CompilerThread2" daemon [_thread_blocked, id=19936, stack(0x0000004319000000,0x0000004319100000)]
  0x0000020cedf10c80 JavaThread "C1 CompilerThread3" daemon [_thread_blocked, id=19904, stack(0x000000431ac00000,0x000000431ad00000)]
  0x0000020cdc94ae80 JavaThread "LocalFile Deleter" daemon [_thread_blocked, id=20060, stack(0x000000431bd00000,0x000000431be00000)]
  0x0000020cdc94a970 JavaThread "LocalFile Deleter" daemon [_thread_blocked, id=20056, stack(0x000000431de00000,0x000000431df00000)]
  0x0000020cdc94b390 JavaThread "LocalFile Deleter" daemon [_thread_blocked, id=20052, stack(0x000000431e100000,0x000000431e200000)]
  0x0000020cdc94b8a0 JavaThread "LocalFile Deleter" daemon [_thread_blocked, id=20036, stack(0x000000431e200000,0x000000431e300000)]
  0x0000020cdc9480f0 JavaThread "LocalFile Deleter" daemon [_thread_blocked, id=20032, stack(0x000000431e300000,0x000000431e400000)]
  0x0000020cdc94bdb0 JavaThread "LocalFile Deleter" daemon [_thread_blocked, id=20028, stack(0x000000431e700000,0x000000431e800000)]
  0x0000020cdc949530 JavaThread "LocalFile Deleter" daemon [_thread_blocked, id=20048, stack(0x000000431e800000,0x000000431e900000)]
  0x0000020cdc948600 JavaThread "LocalFile Deleter" daemon [_thread_blocked, id=19964, stack(0x000000431e900000,0x000000431ea00000)]
  0x0000020cdc94c2c0 JavaThread "LocalFile Deleter" daemon [_thread_blocked, id=20044, stack(0x000000431ea00000,0x000000431eb00000)]
  0x0000020cdc948b10 JavaThread "LocalFile Deleter" daemon [_thread_blocked, id=20024, stack(0x000000431eb00000,0x000000431ec00000)]
  0x0000020cdc94d1f0 JavaThread "LocalFile Deleter" daemon [_thread_blocked, id=20020, stack(0x000000431ec00000,0x000000431ed00000)]
  0x0000020cdc94d700 JavaThread "LocalFile Deleter" daemon [_thread_blocked, id=20016, stack(0x000000431ed00000,0x000000431ee00000)]
  0x0000020cdc94eb40 JavaThread "LocalFile Deleter" daemon [_thread_blocked, id=20012, stack(0x000000431ee00000,0x000000431ef00000)]
  0x0000020cdc94dc10 JavaThread "LocalFile Deleter" daemon [_thread_blocked, id=19960, stack(0x000000431ef00000,0x000000431f000000)]
  0x0000020cdc94c7d0 JavaThread "LocalFile Deleter" daemon [_thread_blocked, id=20040, stack(0x000000431f000000,0x000000431f100000)]
  0x0000020cdc94f050 JavaThread "LocalFile Deleter" daemon [_thread_blocked, id=19952, stack(0x000000431f100000,0x000000431f200000)]
  0x0000020cdc94cce0 JavaThread "LocalFile Deleter" daemon [_thread_blocked, id=20008, stack(0x000000431f200000,0x000000431f300000)]
  0x0000020cdc94e120 JavaThread "LocalFile Deleter" daemon [_thread_blocked, id=19976, stack(0x000000431f300000,0x000000431f400000)]
  0x0000020cdc94e630 JavaThread "LocalFile Deleter" daemon [_thread_blocked, id=20004, stack(0x000000431f400000,0x000000431f500000)]
  0x0000020cdc94f560 JavaThread "LocalFile Deleter" daemon [_thread_blocked, id=20000, stack(0x000000431f500000,0x000000431f600000)]
  0x0000020cdf1f0040 JavaThread "Compiler Source File Reader" daemon [_thread_blocked, id=19948, stack(0x000000431f600000,0x000000431f700000)]
  0x0000020cdf1f23b0 JavaThread "Compiler Source File Reader" daemon [_thread_blocked, id=9264, stack(0x000000431f700000,0x000000431f800000)]
  0x0000020cdf1f0550 JavaThread "Compiler Source File Reader" daemon [_thread_blocked, id=10204, stack(0x000000431f800000,0x000000431f900000)]
  0x0000020cdf1f0a60 JavaThread "Compiler Source File Reader" daemon [_thread_blocked, id=8320, stack(0x000000431f900000,0x000000431fa00000)]
  0x0000020cdf1f1990 JavaThread "Compiler Source File Reader" daemon [_thread_blocked, id=18536, stack(0x000000431fa00000,0x000000431fb00000)]
  0x0000020cdf1f28c0 JavaThread "Compiler Source File Reader" daemon [_thread_blocked, id=9484, stack(0x000000431fb00000,0x000000431fc00000)]
  0x0000020cdf1f0f70 JavaThread "Compiler Source File Reader" daemon [_thread_blocked, id=18584, stack(0x000000431fc00000,0x000000431fd00000)]
  0x0000020cdf1f2dd0 JavaThread "Compiler Source File Reader" daemon [_thread_blocked, id=3712, stack(0x000000431fd00000,0x000000431fe00000)]
  0x0000020cdf1ef620 JavaThread "Compiler Source File Reader" daemon [_thread_blocked, id=19444, stack(0x000000431fe00000,0x000000431ff00000)]
  0x0000020cdf1f32e0 JavaThread "Compiler Source File Reader" daemon [_thread_blocked, id=4584, stack(0x000000431ff00000,0x0000004320000000)]
  0x0000020cdf1f1480 JavaThread "Compiler Source File Reader" daemon [_thread_blocked, id=19032, stack(0x0000004320000000,0x0000004320100000)]
  0x0000020cdf1f1ea0 JavaThread "Compiler Source File Reader" daemon [_thread_blocked, id=18508, stack(0x0000004320100000,0x0000004320200000)]
  0x0000020cdf1efb30 JavaThread "Compiler Source File Reader" daemon [_thread_blocked, id=16820, stack(0x0000004320200000,0x0000004320300000)]
  0x0000020cdf1f37f0 JavaThread "Compiler Source File Reader" daemon [_thread_blocked, id=11532, stack(0x0000004320300000,0x0000004320400000)]
  0x0000020cdf1f5b60 JavaThread "Compiler Source File Reader" daemon [_thread_blocked, id=5488, stack(0x0000004320400000,0x0000004320500000)]
  0x0000020cdf1f5140 JavaThread "Compiler Processing Task" daemon [_thread_blocked, id=19076, stack(0x0000004320700000,0x0000004320800000)]
  0x0000020cdf1f6a90 JavaThread "Compiler Class File Writer" daemon [_thread_blocked, id=18456, stack(0x0000004320800000,0x0000004320900000)]
  0x0000020cdf1f5650 JavaThread "Compiler Class File Writer" daemon [_thread_blocked, id=18972, stack(0x0000004320900000,0x0000004320a00000)]
  0x0000020cdf1f6fa0 JavaThread "Compiler Class File Writer" daemon [_thread_blocked, id=18968, stack(0x0000004320a00000,0x0000004320b00000)]
  0x0000020cdf3e97b0 JavaThread "Compiler Class File Writer" daemon [_thread_blocked, id=18940, stack(0x0000004320b00000,0x0000004320c00000)]
  0x0000020ce2035580 JavaThread "Compiler Class File Writer" daemon [_thread_blocked, id=18920, stack(0x0000004320c00000,0x0000004320d00000)]
  0x0000020ce2036ed0 JavaThread "Compiler Class File Writer" daemon [_thread_blocked, id=18668, stack(0x0000004320e00000,0x0000004320f00000)]
  0x0000020ce2033c30 JavaThread "Compiler Class File Writer" daemon [_thread_blocked, id=18856, stack(0x0000004320f00000,0x0000004321000000)]
  0x0000020ce2034140 JavaThread "Compiler Class File Writer" daemon [_thread_blocked, id=18460, stack(0x0000004321100000,0x0000004321200000)]
  0x0000020ce2035fa0 JavaThread "Compiler Class File Writer" daemon [_thread_blocked, id=6092, stack(0x0000004321200000,0x0000004321300000)]
  0x0000020ce20364b0 JavaThread "Compiler Class File Writer" daemon [_thread_blocked, id=18976, stack(0x0000004321300000,0x0000004321400000)]
  0x0000020ce2034b60 JavaThread "Compiler Class File Writer" daemon [_thread_blocked, id=18552, stack(0x0000004321400000,0x0000004321500000)]
  0x0000020ce2034650 JavaThread "Compiler Class File Writer" daemon [_thread_blocked, id=19152, stack(0x0000004321500000,0x0000004321600000)]
  0x0000020ce2035070 JavaThread "Compiler Class File Writer" daemon [_thread_blocked, id=19156, stack(0x0000004321600000,0x0000004321700000)]
  0x0000020ce2035a90 JavaThread "Compiler Class File Writer" daemon [_thread_blocked, id=19144, stack(0x0000004321700000,0x0000004321800000)]
  0x0000020ce20369c0 JavaThread "Compiler Class File Writer" daemon [_thread_blocked, id=12976, stack(0x0000004321800000,0x0000004321900000)]
  0x0000020ce2033720 JavaThread "Compiler Class File Writer" daemon [_thread_blocked, id=3708, stack(0x0000004321900000,0x0000004321a00000)]
  0x0000020ce20373e0 JavaThread "Compiler Class File Writer" daemon [_thread_blocked, id=19688, stack(0x0000004321a00000,0x0000004321b00000)]
  0x0000020ce203a170 JavaThread "Compiler Class File Writer" daemon [_thread_blocked, id=16564, stack(0x0000004321b00000,0x0000004321c00000)]
  0x0000020cedf13c50 JavaThread "C2 CompilerThread1" daemon [_thread_in_native, id=20064, stack(0x0000004319100000,0x0000004319200000)]
  0x0000020cdf602cd0 JavaThread "C2 CompilerThread2" daemon [_thread_in_native, id=13644, stack(0x0000004319200000,0x0000004319300000)]
  0x0000020cdf603220 JavaThread "C2 CompilerThread3" daemon [_thread_in_native, id=10144, stack(0x0000004319300000,0x0000004319400000)]
=>0x0000020cdf603770 JavaThread "C2 CompilerThread4" daemon [_thread_in_native, id=18132, stack(0x0000004319600000,0x0000004319700000)]
  0x0000020cdf604210 JavaThread "C2 CompilerThread5" daemon [_thread_in_native, id=20240, stack(0x0000004319d00000,0x0000004319e00000)]
  0x0000020cdf604760 JavaThread "C2 CompilerThread6" daemon [_thread_in_native, id=20184, stack(0x0000004319e00000,0x0000004319f00000)]
  0x0000020cf08b1a60 JavaThread "C2 CompilerThread7" daemon [_thread_in_native, id=20216, stack(0x0000004319f00000,0x000000431a000000)]
  0x0000020ce2039240 JavaThread "SCR Component Registry" daemon [_thread_blocked, id=20232, stack(0x000000431a000000,0x000000431a100000)]
  0x0000020ce203b0a0 JavaThread "ForkJoinPool.commonPool-worker-1" daemon [_thread_blocked, id=20196, stack(0x000000431a100000,0x000000431a200000)]
  0x0000020ce203ab90 JavaThread "ForkJoinPool.commonPool-worker-2" daemon [_thread_blocked, id=7100, stack(0x000000431a200000,0x000000431a300000)]
  0x0000020ce2037e00 JavaThread "ForkJoinPool.commonPool-worker-3" daemon [_thread_blocked, id=20144, stack(0x000000431aa00000,0x000000431ab00000)]
  0x0000020ce01b8590 JavaThread "ForkJoinPool.commonPool-worker-4" daemon [_thread_blocked, id=20176, stack(0x000000431ab00000,0x000000431ac00000)]

Other Threads:
  0x0000020cd76f2450 VMThread "VM Thread" [stack: 0x0000004318400000,0x0000004318500000] [id=19580]
  0x0000020cdf0eb220 WatcherThread [stack: 0x0000004319500000,0x0000004319600000] [id=19676]
  0x0000020cc3064ca0 GCTaskThread "GC Thread#0" [stack: 0x0000004318300000,0x0000004318400000] [id=19544]
  0x0000020cdf8b0490 GCTaskThread "GC Thread#1" [stack: 0x0000004319800000,0x0000004319900000] [id=19692]
  0x0000020cdfb9dd00 GCTaskThread "GC Thread#2" [stack: 0x0000004319900000,0x0000004319a00000] [id=19696]
  0x0000020cdf8b0750 GCTaskThread "GC Thread#3" [stack: 0x0000004319a00000,0x0000004319b00000] [id=19700]
  0x0000020cdf71a420 GCTaskThread "GC Thread#4" [stack: 0x0000004319b00000,0x0000004319c00000] [id=19704]
  0x0000020cdf71a6e0 GCTaskThread "GC Thread#5" [stack: 0x0000004319c00000,0x0000004319d00000] [id=19708]
  0x0000020cdfaf4ff0 GCTaskThread "GC Thread#6" [stack: 0x000000431a600000,0x000000431a700000] [id=19852]
  0x0000020cdfaf52b0 GCTaskThread "GC Thread#7" [stack: 0x000000431a700000,0x000000431a800000] [id=19856]
  0x0000020ce09c8050 GCTaskThread "GC Thread#8" [stack: 0x000000431ba00000,0x000000431bb00000] [id=20160]
  0x0000020cdfc66d50 GCTaskThread "GC Thread#9" [stack: 0x000000431bb00000,0x000000431bc00000] [id=20164]
  0x0000020ce051b700 GCTaskThread "GC Thread#10" [stack: 0x000000431b800000,0x000000431b900000] [id=20248]
  0x0000020ce051b180 GCTaskThread "GC Thread#11" [stack: 0x000000431be00000,0x000000431bf00000] [id=20252]
  0x0000020ce051bf40 GCTaskThread "GC Thread#12" [stack: 0x0000004319700000,0x0000004319800000] [id=20288]
  0x0000020ce051aec0 GCTaskThread "GC Thread#13" [stack: 0x000000431c200000,0x000000431c300000] [id=20292]
  0x0000020ce051a680 GCTaskThread "GC Thread#14" [stack: 0x000000431c300000,0x000000431c400000] [id=20296]

Threads with active compile tasks:
C2 CompilerThread0    26527 13592       4       org.eclipse.jdt.internal.core.JarPackageFragmentRoot::initRawPackageInfo (292 bytes)
C2 CompilerThread1    26527 13356       4       org.eclipse.jdt.internal.core.JrtPackageFragmentRoot$1::visitFile (14 bytes)
C2 CompilerThread2    26527 13358       4       org.eclipse.jdt.internal.compiler.util.JrtFileSystem$2::visitFile (72 bytes)
C2 CompilerThread3    26527 13748       4       org.eclipse.core.runtime.Path::computeSegments (163 bytes)
C2 CompilerThread4    26527 13718   !   4       com.google.common.cache.LocalCache$Segment::get (210 bytes)
C2 CompilerThread5    26527 13753       4       org.eclipse.core.runtime.Path::<init> (9 bytes)
C2 CompilerThread6    26527 13357       4       org.eclipse.jdt.internal.core.JrtPackageFragmentRoot$1::visitFile (26 bytes)
C2 CompilerThread7    26527 13354       4       org.eclipse.jdt.internal.compiler.util.JrtFileSystem$2::visitFile (10 bytes)

VM state: not at safepoint (normal execution)

VM Mutex/Monitor currently owned by a thread: None

Heap address: 0x00000000c0000000, size: 1024 MB, Compressed Oops mode: 32-bit

CDS archive(s) not mapped
Compressed class space mapped at: 0x0000000100000000-0x0000000140000000, reserved size: 1073741824
Narrow klass base: 0x0000000000000000, Narrow klass shift: 3, Narrow klass range: 0x140000000

GC Precious Log:
 CPUs: 20 total, 20 available
 Memory: 16004M
 Large Page Support: Disabled
 NUMA Support: Disabled
 Compressed Oops: Enabled (32-bit)
 Alignments: Space 512K, Generation 512K, Heap 2M
 Heap Min Capacity: 100M
 Heap Initial Capacity: 100M
 Heap Max Capacity: 1G
 Pre-touch: Disabled
 Parallel Workers: 15

Heap:
 PSYoungGen      total 6656K, used 5206K [0x00000000eab00000, 0x00000000eb280000, 0x0000000100000000)
  eden space 6144K, 77% used [0x00000000eab00000,0x00000000eafadaa0,0x00000000eb100000)
  from space 512K, 81% used [0x00000000eb180000,0x00000000eb1e8000,0x00000000eb200000)
  to   space 512K, 0% used [0x00000000eb200000,0x00000000eb200000,0x00000000eb280000)
 ParOldGen       total 84480K, used 60735K [0x00000000c0000000, 0x00000000c5280000, 0x00000000eab00000)
  object space 84480K, 71% used [0x00000000c0000000,0x00000000c3b4fee0,0x00000000c5280000)
 Metaspace       used 76466K, committed 77760K, reserved 1179648K
  class space    used 8036K, committed 8640K, reserved 1048576K

Card table byte_map: [0x0000020cd4fa0000,0x0000020cd51b0000] _byte_map_base: 0x0000020cd49a0000

Marking Bits: (ParMarkBitMap*) 0x00007ffab9c56940
 Begin Bits: [0x0000020cd5310000, 0x0000020cd6310000)
 End Bits:   [0x0000020cd6310000, 0x0000020cd7310000)

Polling page: 0x0000020cc14e0000

Metaspace:

Usage:
  Non-class:     66.83 MB used.
      Class:      7.85 MB used.
       Both:     74.67 MB used.

Virtual space:
  Non-class space:      128.00 MB reserved,      67.50 MB ( 53%) committed,  2 nodes.
      Class space:        1.00 GB reserved,       8.44 MB ( <1%) committed,  1 nodes.
             Both:        1.12 GB reserved,      75.94 MB (  7%) committed. 

Chunk freelists:
   Non-Class:  12.44 MB
       Class:  7.48 MB
        Both:  19.92 MB

MaxMetaspaceSize: unlimited
CompressedClassSpaceSize: 1.00 GB
Initial GC threshold: 21.00 MB
Current GC threshold: 126.50 MB
CDS: off
MetaspaceReclaimPolicy: balanced
 - commit_granule_bytes: 65536.
 - commit_granule_words: 8192.
 - virtual_space_node_default_size: 8388608.
 - enlarge_chunks_in_place: 1.
 - new_chunks_are_fully_committed: 0.
 - uncommit_free_chunks: 1.
 - use_allocation_guard: 0.
 - handle_deallocations: 1.


Internal statistics:

num_allocs_failed_limit: 6.
num_arena_births: 916.
num_arena_deaths: 30.
num_vsnodes_births: 3.
num_vsnodes_deaths: 0.
num_space_committed: 1214.
num_space_uncommitted: 0.
num_chunks_returned_to_freelist: 44.
num_chunks_taken_from_freelist: 4047.
num_chunk_merges: 16.
num_chunk_splits: 2521.
num_chunks_enlarged: 1504.
num_inconsistent_stats: 0.

CodeHeap 'non-profiled nmethods': size=119168Kb used=9246Kb max_used=9246Kb free=109921Kb
 bounds [0x0000020ccd960000, 0x0000020cce270000, 0x0000020cd4dc0000]
CodeHeap 'profiled nmethods': size=119104Kb used=25430Kb max_used=25430Kb free=93674Kb
 bounds [0x0000020cc5dc0000, 0x0000020cc76a0000, 0x0000020ccd210000]
CodeHeap 'non-nmethods': size=7488Kb used=3070Kb max_used=3151Kb free=4417Kb
 bounds [0x0000020ccd210000, 0x0000020ccd540000, 0x0000020ccd960000]
 total_blobs=12275 nmethods=11543 adapters=642
 compilation: enabled
              stopped_count=0, restarted_count=0
 full_count=0

Compilation events (20 events):
Event: 26.414 Thread 0x0000020cedf10c80 13720       3       org.eclipse.m2e.jdt.internal.BuildPathManager::getSourcePath (27 bytes)
Event: 26.414 Thread 0x0000020cedf10c80 nmethod 13720 0x0000020cc7675390 code [0x0000020cc76755a0, 0x0000020cc7675a78]
Event: 26.415 Thread 0x0000020cedf12710 13721       3       org.eclipse.m2e.jdt.internal.ClasspathEntryDescriptor::getJavadocUrl (14 bytes)
Event: 26.415 Thread 0x0000020cedf12c60 13722       3       org.eclipse.m2e.jdt.internal.BuildPathManager::getJavaDocUrl (13 bytes)
Event: 26.415 Thread 0x0000020cedf12c60 nmethod 13722 0x0000020cc7675d10 code [0x0000020cc7675ec0, 0x0000020cc7676038]
Event: 26.415 Thread 0x0000020cedf12710 nmethod 13721 0x0000020cc7676110 code [0x0000020cc76762e0, 0x0000020cc7676738]
Event: 26.416 Thread 0x0000020cedf12710 13723       3       org.eclipse.m2e.jdt.internal.ClasspathEntryDescriptor::setSourceAttachment (11 bytes)
Event: 26.416 Thread 0x0000020cedf12c60 13724       3       org.eclipse.m2e.jdt.internal.ClasspathEntryDescriptor::setJavadocUrl (9 bytes)
Event: 26.416 Thread 0x0000020cedf10c80 13725       3       org.eclipse.m2e.core.internal.preferences.MavenConfigurationImpl::isDownloadSources (7 bytes)
Event: 26.416 Thread 0x0000020cedf12c60 nmethod 13724 0x0000020cc7676890 code [0x0000020cc7676a40, 0x0000020cc7676ba8]
Event: 26.416 Thread 0x0000020cedf12710 nmethod 13723 0x0000020cc7676c90 code [0x0000020cc7676e20, 0x0000020cc7676f58]
Event: 26.416 Thread 0x0000020cedf12c60 13726       3       org.eclipse.m2e.core.internal.preferences.MavenConfigurationImpl::isDownloadJavaDoc (7 bytes)
Event: 26.416 Thread 0x0000020cdc8cec60 13727       3       org.eclipse.m2e.jdt.internal.BuildPathManager::scheduleDownload (43 bytes)
Event: 26.416 Thread 0x0000020cedf12710 13728       3       org.eclipse.m2e.jdt.internal.BuildPathManager::getAttachedSourcesAndJavadoc (121 bytes)
Event: 26.417 Thread 0x0000020cedf10c80 nmethod 13725 0x0000020cc7677010 code [0x0000020cc76771e0, 0x0000020cc76774d8]
Event: 26.417 Thread 0x0000020cedf12c60 nmethod 13726 0x0000020cc7677690 code [0x0000020cc7677860, 0x0000020cc7677b58]
Event: 26.418 Thread 0x0000020cdc8cec60 nmethod 13727 0x0000020cc7677d10 code [0x0000020cc7677f00, 0x0000020cc7678498]
Event: 26.418 Thread 0x0000020cedf12710 nmethod 13728 0x0000020cc7678790 code [0x0000020cc7678a00, 0x0000020cc76796b8]
Event: 26.446 Thread 0x0000020cdf604210 13729       4       java.util.AbstractQueue::add (20 bytes)
Event: 26.449 Thread 0x0000020cdf604210 nmethod 13729 0x0000020cce263d90 code [0x0000020cce263f20, 0x0000020cce263fd8]

GC Heap History (20 events):
Event: 26.172 GC heap before
{Heap before GC invocations=163 (full 5):
 PSYoungGen      total 6656K, used 6650K [0x00000000eab00000, 0x00000000eb300000, 0x0000000100000000)
  eden space 6144K, 100% used [0x00000000eab00000,0x00000000eb100000,0x00000000eb100000)
  from space 512K, 98% used [0x00000000eb200000,0x00000000eb27e900,0x00000000eb280000)
  to   space 1024K, 0% used [0x00000000eb100000,0x00000000eb100000,0x00000000eb200000)
 ParOldGen       total 100352K, used 97934K [0x00000000c0000000, 0x00000000c6200000, 0x00000000eab00000)
  object space 100352K, 97% used [0x00000000c0000000,0x00000000c5fa3b98,0x00000000c6200000)
 Metaspace       used 76360K, committed 77696K, reserved 1179648K
  class space    used 8036K, committed 8640K, reserved 1048576K
}
Event: 26.173 GC heap after
{Heap after GC invocations=163 (full 5):
 PSYoungGen      total 7168K, used 512K [0x00000000eab00000, 0x00000000eb300000, 0x0000000100000000)
  eden space 6144K, 0% used [0x00000000eab00000,0x00000000eab00000,0x00000000eb100000)
  from space 1024K, 50% used [0x00000000eb100000,0x00000000eb180000,0x00000000eb200000)
  to   space 1024K, 0% used [0x00000000eb200000,0x00000000eb200000,0x00000000eb300000)
 ParOldGen       total 100352K, used 98123K [0x00000000c0000000, 0x00000000c6200000, 0x00000000eab00000)
  object space 100352K, 97% used [0x00000000c0000000,0x00000000c5fd2d98,0x00000000c6200000)
 Metaspace       used 76360K, committed 77696K, reserved 1179648K
  class space    used 8036K, committed 8640K, reserved 1048576K
}
Event: 26.181 GC heap before
{Heap before GC invocations=164 (full 5):
 PSYoungGen      total 7168K, used 6656K [0x00000000eab00000, 0x00000000eb300000, 0x0000000100000000)
  eden space 6144K, 100% used [0x00000000eab00000,0x00000000eb100000,0x00000000eb100000)
  from space 1024K, 50% used [0x00000000eb100000,0x00000000eb180000,0x00000000eb200000)
  to   space 1024K, 0% used [0x00000000eb200000,0x00000000eb200000,0x00000000eb300000)
 ParOldGen       total 100352K, used 98123K [0x00000000c0000000, 0x00000000c6200000, 0x00000000eab00000)
  object space 100352K, 97% used [0x00000000c0000000,0x00000000c5fd2d98,0x00000000c6200000)
 Metaspace       used 76360K, committed 77696K, reserved 1179648K
  class space    used 8036K, committed 8640K, reserved 1048576K
}
Event: 26.182 GC heap after
{Heap after GC invocations=164 (full 5):
 PSYoungGen      total 6656K, used 480K [0x00000000eab00000, 0x00000000eb280000, 0x0000000100000000)
  eden space 6144K, 0% used [0x00000000eab00000,0x00000000eab00000,0x00000000eb100000)
  from space 512K, 93% used [0x00000000eb200000,0x00000000eb278000,0x00000000eb280000)
  to   space 512K, 0% used [0x00000000eb180000,0x00000000eb180000,0x00000000eb200000)
 ParOldGen       total 100352K, used 98411K [0x00000000c0000000, 0x00000000c6200000, 0x00000000eab00000)
  object space 100352K, 98% used [0x00000000c0000000,0x00000000c601ad98,0x00000000c6200000)
 Metaspace       used 76360K, committed 77696K, reserved 1179648K
  class space    used 8036K, committed 8640K, reserved 1048576K
}
Event: 26.190 GC heap before
{Heap before GC invocations=165 (full 5):
 PSYoungGen      total 6656K, used 6624K [0x00000000eab00000, 0x00000000eb280000, 0x0000000100000000)
  eden space 6144K, 100% used [0x00000000eab00000,0x00000000eb100000,0x00000000eb100000)
  from space 512K, 93% used [0x00000000eb200000,0x00000000eb278000,0x00000000eb280000)
  to   space 512K, 0% used [0x00000000eb180000,0x00000000eb180000,0x00000000eb200000)
 ParOldGen       total 100352K, used 98411K [0x00000000c0000000, 0x00000000c6200000, 0x00000000eab00000)
  object space 100352K, 98% used [0x00000000c0000000,0x00000000c601ad98,0x00000000c6200000)
 Metaspace       used 76360K, committed 77696K, reserved 1179648K
  class space    used 8036K, committed 8640K, reserved 1048576K
}
Event: 26.191 GC heap after
{Heap after GC invocations=165 (full 5):
 PSYoungGen      total 6656K, used 512K [0x00000000eab00000, 0x00000000eb300000, 0x0000000100000000)
  eden space 6144K, 0% used [0x00000000eab00000,0x00000000eab00000,0x00000000eb100000)
  from space 512K, 100% used [0x00000000eb180000,0x00000000eb200000,0x00000000eb200000)
  to   space 1024K, 0% used [0x00000000eb200000,0x00000000eb200000,0x00000000eb300000)
 ParOldGen       total 100352K, used 98843K [0x00000000c0000000, 0x00000000c6200000, 0x00000000eab00000)
  object space 100352K, 98% used [0x00000000c0000000,0x00000000c6086d98,0x00000000c6200000)
 Metaspace       used 76360K, committed 77696K, reserved 1179648K
  class space    used 8036K, committed 8640K, reserved 1048576K
}
Event: 26.198 GC heap before
{Heap before GC invocations=166 (full 5):
 PSYoungGen      total 6656K, used 6656K [0x00000000eab00000, 0x00000000eb300000, 0x0000000100000000)
  eden space 6144K, 100% used [0x00000000eab00000,0x00000000eb100000,0x00000000eb100000)
  from space 512K, 100% used [0x00000000eb180000,0x00000000eb200000,0x00000000eb200000)
  to   space 1024K, 0% used [0x00000000eb200000,0x00000000eb200000,0x00000000eb300000)
 ParOldGen       total 100352K, used 98843K [0x00000000c0000000, 0x00000000c6200000, 0x00000000eab00000)
  object space 100352K, 98% used [0x00000000c0000000,0x00000000c6086d98,0x00000000c6200000)
 Metaspace       used 76360K, committed 77696K, reserved 1179648K
  class space    used 8036K, committed 8640K, reserved 1048576K
}
Event: 26.199 GC heap after
{Heap after GC invocations=166 (full 5):
 PSYoungGen      total 7168K, used 480K [0x00000000eab00000, 0x00000000eb300000, 0x0000000100000000)
  eden space 6144K, 0% used [0x00000000eab00000,0x00000000eab00000,0x00000000eb100000)
  from space 1024K, 46% used [0x00000000eb200000,0x00000000eb278000,0x00000000eb300000)
  to   space 1024K, 0% used [0x00000000eb100000,0x00000000eb100000,0x00000000eb200000)
 ParOldGen       total 100352K, used 99235K [0x00000000c0000000, 0x00000000c6200000, 0x00000000eab00000)
  object space 100352K, 98% used [0x00000000c0000000,0x00000000c60e8da8,0x00000000c6200000)
 Metaspace       used 76360K, committed 77696K, reserved 1179648K
  class space    used 8036K, committed 8640K, reserved 1048576K
}
Event: 26.208 GC heap before
{Heap before GC invocations=167 (full 5):
 PSYoungGen      total 7168K, used 6624K [0x00000000eab00000, 0x00000000eb300000, 0x0000000100000000)
  eden space 6144K, 100% used [0x00000000eab00000,0x00000000eb100000,0x00000000eb100000)
  from space 1024K, 46% used [0x00000000eb200000,0x00000000eb278000,0x00000000eb300000)
  to   space 1024K, 0% used [0x00000000eb100000,0x00000000eb100000,0x00000000eb200000)
 ParOldGen       total 100352K, used 99235K [0x00000000c0000000, 0x00000000c6200000, 0x00000000eab00000)
  object space 100352K, 98% used [0x00000000c0000000,0x00000000c60e8da8,0x00000000c6200000)
 Metaspace       used 76360K, committed 77696K, reserved 1179648K
  class space    used 8036K, committed 8640K, reserved 1048576K
}
Event: 26.209 GC heap after
{Heap after GC invocations=167 (full 5):
 PSYoungGen      total 7168K, used 448K [0x00000000eab00000, 0x00000000eb280000, 0x0000000100000000)
  eden space 6144K, 0% used [0x00000000eab00000,0x00000000eab00000,0x00000000eb100000)
  from space 1024K, 43% used [0x00000000eb100000,0x00000000eb170000,0x00000000eb200000)
  to   space 512K, 0% used [0x00000000eb200000,0x00000000eb200000,0x00000000eb280000)
 ParOldGen       total 100352K, used 99496K [0x00000000c0000000, 0x00000000c6200000, 0x00000000eab00000)
  object space 100352K, 99% used [0x00000000c0000000,0x00000000c612a100,0x00000000c6200000)
 Metaspace       used 76360K, committed 77696K, reserved 1179648K
  class space    used 8036K, committed 8640K, reserved 1048576K
}
Event: 26.219 GC heap before
{Heap before GC invocations=168 (full 5):
 PSYoungGen      total 7168K, used 6592K [0x00000000eab00000, 0x00000000eb280000, 0x0000000100000000)
  eden space 6144K, 100% used [0x00000000eab00000,0x00000000eb100000,0x00000000eb100000)
  from space 1024K, 43% used [0x00000000eb100000,0x00000000eb170000,0x00000000eb200000)
  to   space 512K, 0% used [0x00000000eb200000,0x00000000eb200000,0x00000000eb280000)
 ParOldGen       total 100352K, used 99496K [0x00000000c0000000, 0x00000000c6200000, 0x00000000eab00000)
  object space 100352K, 99% used [0x00000000c0000000,0x00000000c612a100,0x00000000c6200000)
 Metaspace       used 76360K, committed 77696K, reserved 1179648K
  class space    used 8036K, committed 8640K, reserved 1048576K
}
Event: 26.219 GC heap after
{Heap after GC invocations=168 (full 5):
 PSYoungGen      total 6656K, used 480K [0x00000000eab00000, 0x00000000eb280000, 0x0000000100000000)
  eden space 6144K, 0% used [0x00000000eab00000,0x00000000eab00000,0x00000000eb100000)
  from space 512K, 93% used [0x00000000eb200000,0x00000000eb278000,0x00000000eb280000)
  to   space 512K, 0% used [0x00000000eb180000,0x00000000eb180000,0x00000000eb200000)
 ParOldGen       total 100352K, used 99688K [0x00000000c0000000, 0x00000000c6200000, 0x00000000eab00000)
  object space 100352K, 99% used [0x00000000c0000000,0x00000000c615a100,0x00000000c6200000)
 Metaspace       used 76360K, committed 77696K, reserved 1179648K
  class space    used 8036K, committed 8640K, reserved 1048576K
}
Event: 26.233 GC heap before
{Heap before GC invocations=169 (full 5):
 PSYoungGen      total 6656K, used 6624K [0x00000000eab00000, 0x00000000eb280000, 0x0000000100000000)
  eden space 6144K, 100% used [0x00000000eab00000,0x00000000eb100000,0x00000000eb100000)
  from space 512K, 93% used [0x00000000eb200000,0x00000000eb278000,0x00000000eb280000)
  to   space 512K, 0% used [0x00000000eb180000,0x00000000eb180000,0x00000000eb200000)
 ParOldGen       total 100352K, used 99688K [0x00000000c0000000, 0x00000000c6200000, 0x00000000eab00000)
  object space 100352K, 99% used [0x00000000c0000000,0x00000000c615a100,0x00000000c6200000)
 Metaspace       used 76369K, committed 77696K, reserved 1179648K
  class space    used 8036K, committed 8640K, reserved 1048576K
}
Event: 26.233 GC heap after
{Heap after GC invocations=169 (full 5):
 PSYoungGen      total 6656K, used 497K [0x00000000eab00000, 0x00000000eb280000, 0x0000000100000000)
  eden space 6144K, 0% used [0x00000000eab00000,0x00000000eab00000,0x00000000eb100000)
  from space 512K, 97% used [0x00000000eb180000,0x00000000eb1fc770,0x00000000eb200000)
  to   space 512K, 0% used [0x00000000eb200000,0x00000000eb200000,0x00000000eb280000)
 ParOldGen       total 100352K, used 99856K [0x00000000c0000000, 0x00000000c6200000, 0x00000000eab00000)
  object space 100352K, 99% used [0x00000000c0000000,0x00000000c6184100,0x00000000c6200000)
 Metaspace       used 76369K, committed 77696K, reserved 1179648K
  class space    used 8036K, committed 8640K, reserved 1048576K
}
Event: 26.244 GC heap before
{Heap before GC invocations=170 (full 5):
 PSYoungGen      total 6656K, used 6641K [0x00000000eab00000, 0x00000000eb280000, 0x0000000100000000)
  eden space 6144K, 100% used [0x00000000eab00000,0x00000000eb100000,0x00000000eb100000)
  from space 512K, 97% used [0x00000000eb180000,0x00000000eb1fc770,0x00000000eb200000)
  to   space 512K, 0% used [0x00000000eb200000,0x00000000eb200000,0x00000000eb280000)
 ParOldGen       total 100352K, used 99856K [0x00000000c0000000, 0x00000000c6200000, 0x00000000eab00000)
  object space 100352K, 99% used [0x00000000c0000000,0x00000000c6184100,0x00000000c6200000)
 Metaspace       used 76375K, committed 77696K, reserved 1179648K
  class space    used 8036K, committed 8640K, reserved 1048576K
}
Event: 26.245 GC heap after
{Heap after GC invocations=170 (full 5):
 PSYoungGen      total 6656K, used 480K [0x00000000eab00000, 0x00000000eb280000, 0x0000000100000000)
  eden space 6144K, 0% used [0x00000000eab00000,0x00000000eab00000,0x00000000eb100000)
  from space 512K, 93% used [0x00000000eb200000,0x00000000eb278000,0x00000000eb280000)
  to   space 512K, 0% used [0x00000000eb180000,0x00000000eb180000,0x00000000eb200000)
 ParOldGen       total 100352K, used 100040K [0x00000000c0000000, 0x00000000c6200000, 0x00000000eab00000)
  object space 100352K, 99% used [0x00000000c0000000,0x00000000c61b2100,0x00000000c6200000)
 Metaspace       used 76375K, committed 77696K, reserved 1179648K
  class space    used 8036K, committed 8640K, reserved 1048576K
}
Event: 26.256 GC heap before
{Heap before GC invocations=171 (full 5):
 PSYoungGen      total 6656K, used 6624K [0x00000000eab00000, 0x00000000eb280000, 0x0000000100000000)
  eden space 6144K, 100% used [0x00000000eab00000,0x00000000eb100000,0x00000000eb100000)
  from space 512K, 93% used [0x00000000eb200000,0x00000000eb278000,0x00000000eb280000)
  to   space 512K, 0% used [0x00000000eb180000,0x00000000eb180000,0x00000000eb200000)
 ParOldGen       total 100352K, used 100040K [0x00000000c0000000, 0x00000000c6200000, 0x00000000eab00000)
  object space 100352K, 99% used [0x00000000c0000000,0x00000000c61b2100,0x00000000c6200000)
 Metaspace       used 76375K, committed 77696K, reserved 1179648K
  class space    used 8036K, committed 8640K, reserved 1048576K
}
Event: 26.257 GC heap after
{Heap after GC invocations=171 (full 5):
 PSYoungGen      total 6656K, used 416K [0x00000000eab00000, 0x00000000eb280000, 0x0000000100000000)
  eden space 6144K, 0% used [0x00000000eab00000,0x00000000eab00000,0x00000000eb100000)
  from space 512K, 81% used [0x00000000eb180000,0x00000000eb1e8000,0x00000000eb200000)
  to   space 512K, 0% used [0x00000000eb200000,0x00000000eb200000,0x00000000eb280000)
 ParOldGen       total 100352K, used 100224K [0x00000000c0000000, 0x00000000c6200000, 0x00000000eab00000)
  object space 100352K, 99% used [0x00000000c0000000,0x00000000c61e0100,0x00000000c6200000)
 Metaspace       used 76375K, committed 77696K, reserved 1179648K
  class space    used 8036K, committed 8640K, reserved 1048576K
}
Event: 26.279 GC heap before
{Heap before GC invocations=172 (full 6):
 PSYoungGen      total 6656K, used 6560K [0x00000000eab00000, 0x00000000eb280000, 0x0000000100000000)
  eden space 6144K, 100% used [0x00000000eab00000,0x00000000eb100000,0x00000000eb100000)
  from space 512K, 81% used [0x00000000eb180000,0x00000000eb1e8000,0x00000000eb200000)
  to   space 512K, 0% used [0x00000000eb200000,0x00000000eb200000,0x00000000eb280000)
 ParOldGen       total 100352K, used 100224K [0x00000000c0000000, 0x00000000c6200000, 0x00000000eab00000)
  object space 100352K, 99% used [0x00000000c0000000,0x00000000c61e0100,0x00000000c6200000)
 Metaspace       used 76405K, committed 77696K, reserved 1179648K
  class space    used 8036K, committed 8640K, reserved 1048576K
}
Event: 26.329 GC heap after
{Heap after GC invocations=172 (full 6):
 PSYoungGen      total 6656K, used 0K [0x00000000eab00000, 0x00000000eb280000, 0x0000000100000000)
  eden space 6144K, 0% used [0x00000000eab00000,0x00000000eab00000,0x00000000eb100000)
  from space 512K, 0% used [0x00000000eb200000,0x00000000eb200000,0x00000000eb280000)
  to   space 512K, 0% used [0x00000000eb180000,0x00000000eb180000,0x00000000eb200000)
 ParOldGen       total 84480K, used 60727K [0x00000000c0000000, 0x00000000c5280000, 0x00000000eab00000)
  object space 84480K, 71% used [0x00000000c0000000,0x00000000c3b4dee0,0x00000000c5280000)
 Metaspace       used 76405K, committed 77696K, reserved 1179648K
  class space    used 8036K, committed 8640K, reserved 1048576K
}

Dll operation events (10 events):
Event: 0.008 Loaded shared library c:\Users\nguye\.vscode\extensions\redhat.java-1.37.0-win32-x64\jre\17.0.13-win32-x86_64\bin\java.dll
Event: 0.125 Loaded shared library c:\Users\nguye\.vscode\extensions\redhat.java-1.37.0-win32-x64\jre\17.0.13-win32-x86_64\bin\zip.dll
Event: 0.127 Loaded shared library C:\Users\nguye\.vscode\extensions\redhat.java-1.37.0-win32-x64\jre\17.0.13-win32-x86_64\bin\instrument.dll
Event: 0.135 Loaded shared library C:\Users\nguye\.vscode\extensions\redhat.java-1.37.0-win32-x64\jre\17.0.13-win32-x86_64\bin\net.dll
Event: 0.137 Loaded shared library C:\Users\nguye\.vscode\extensions\redhat.java-1.37.0-win32-x64\jre\17.0.13-win32-x86_64\bin\nio.dll
Event: 0.141 Loaded shared library C:\Users\nguye\.vscode\extensions\redhat.java-1.37.0-win32-x64\jre\17.0.13-win32-x86_64\bin\zip.dll
Event: 0.155 Loaded shared library C:\Users\nguye\.vscode\extensions\redhat.java-1.37.0-win32-x64\jre\17.0.13-win32-x86_64\bin\jimage.dll
Event: 0.198 Loaded shared library c:\Users\nguye\.vscode\extensions\redhat.java-1.37.0-win32-x64\jre\17.0.13-win32-x86_64\bin\verify.dll
Event: 1.321 Loaded shared library C:\Users\nguye\AppData\Roaming\Code\User\globalStorage\redhat.java\1.37.0\config_win\org.eclipse.equinox.launcher\org.eclipse.equinox.launcher.win32.win32.x86_64_1.2.1100.v20240722-2106\eclipse_11904.dll
Event: 2.485 Loaded shared library C:\Users\nguye\AppData\Local\Temp\jna-104772072\jna7466546372652687469.dll

Deoptimization events (20 events):
Event: 26.178 Thread 0x0000020ce01bbd40 DEOPT PACKING pc=0x0000020cc69a8758 sp=0x000000431a8fe090
Event: 26.178 Thread 0x0000020ce01bbd40 DEOPT UNPACKING pc=0x0000020ccd266e43 sp=0x000000431a8fd598 mode 0
Event: 26.180 Thread 0x0000020ce01bbd40 DEOPT PACKING pc=0x0000020cc69a8758 sp=0x000000431a8fe090
Event: 26.180 Thread 0x0000020ce01bbd40 DEOPT UNPACKING pc=0x0000020ccd266e43 sp=0x000000431a8fd598 mode 0
Event: 26.191 Thread 0x0000020ce01bbd40 DEOPT PACKING pc=0x0000020cc69a8758 sp=0x000000431a8fe090
Event: 26.191 Thread 0x0000020ce01bbd40 DEOPT UNPACKING pc=0x0000020ccd266e43 sp=0x000000431a8fd598 mode 0
Event: 26.196 Thread 0x0000020ce01bbd40 DEOPT PACKING pc=0x0000020cc69a8758 sp=0x000000431a8fe090
Event: 26.196 Thread 0x0000020ce01bbd40 DEOPT UNPACKING pc=0x0000020ccd266e43 sp=0x000000431a8fd598 mode 0
Event: 26.207 Thread 0x0000020ce01bbd40 DEOPT PACKING pc=0x0000020cc69a8758 sp=0x000000431a8fe090
Event: 26.207 Thread 0x0000020ce01bbd40 DEOPT UNPACKING pc=0x0000020ccd266e43 sp=0x000000431a8fd598 mode 0
Event: 26.214 Thread 0x0000020ce01bbd40 DEOPT PACKING pc=0x0000020cc69df818 sp=0x000000431a8fe5b0
Event: 26.215 Thread 0x0000020ce01bbd40 DEOPT UNPACKING pc=0x0000020ccd266e43 sp=0x000000431a8fdaa0 mode 0
Event: 26.222 Thread 0x0000020ce01bbd40 Uncommon trap: trap_request=0xfffffff4 fr.pc=0x0000020cce22f1a0 relative=0x00000000000043a0
Event: 26.222 Thread 0x0000020ce01bbd40 Uncommon trap: reason=null_check action=make_not_entrant pc=0x0000020cce22f1a0 method=java.util.ArrayList$SubList.equals(Ljava/lang/Object;)Z @ 8 c2
Event: 26.222 Thread 0x0000020ce01bbd40 DEOPT PACKING pc=0x0000020cce22f1a0 sp=0x000000431a8fe170
Event: 26.222 Thread 0x0000020ce01bbd40 DEOPT UNPACKING pc=0x0000020ccd2666a3 sp=0x000000431a8fe070 mode 2
Event: 26.263 Thread 0x0000020ce01bbd40 Uncommon trap: trap_request=0xffffff45 fr.pc=0x0000020cce233c50 relative=0x0000000000000dd0
Event: 26.263 Thread 0x0000020ce01bbd40 Uncommon trap: reason=unstable_if action=reinterpret pc=0x0000020cce233c50 method=org.eclipse.jdt.internal.core.util.Util.splitOn(CLjava/lang/String;II)[Ljava/lang/String; @ 16 c2
Event: 26.263 Thread 0x0000020ce01bbd40 DEOPT PACKING pc=0x0000020cce233c50 sp=0x000000431a8fe940
Event: 26.263 Thread 0x0000020ce01bbd40 DEOPT UNPACKING pc=0x0000020ccd2666a3 sp=0x000000431a8fe920 mode 2

Classes loaded (20 events):
Event: 25.018 Loading class java/util/Collections$SynchronizedRandomAccessList
Event: 25.018 Loading class java/util/Collections$SynchronizedList
Event: 25.018 Loading class java/util/Collections$SynchronizedList done
Event: 25.018 Loading class java/util/Collections$SynchronizedRandomAccessList done
Event: 25.028 Loading class java/util/concurrent/CompletableFuture$Signaller
Event: 25.029 Loading class java/util/concurrent/CompletableFuture$Signaller done
Event: 25.056 Loading class java/util/Hashtable$KeySet
Event: 25.056 Loading class java/util/Hashtable$KeySet done
Event: 25.177 Loading class java/util/concurrent/CompletableFuture$UniApply
Event: 25.177 Loading class java/util/concurrent/CompletableFuture$UniCompletion
Event: 25.177 Loading class java/util/concurrent/CompletableFuture$UniCompletion done
Event: 25.177 Loading class java/util/concurrent/CompletableFuture$UniApply done
Event: 25.178 Loading class java/util/concurrent/ForkJoinPool$DefaultCommonPoolForkJoinWorkerThreadFactory$1
Event: 25.178 Loading class java/util/concurrent/ForkJoinPool$DefaultCommonPoolForkJoinWorkerThreadFactory$1 done
Event: 25.178 Loading class java/util/concurrent/CompletableFuture$UniAccept
Event: 25.179 Loading class java/util/concurrent/CompletableFuture$UniAccept done
Event: 25.179 Loading class java/util/concurrent/CompletableFuture$UniExceptionally
Event: 25.179 Loading class java/util/concurrent/CompletableFuture$UniExceptionally done
Event: 25.179 Loading class java/util/HashMap$ValueSpliterator
Event: 25.179 Loading class java/util/HashMap$ValueSpliterator done

Classes unloaded (15 events):
Event: 3.764 Thread 0x0000020cd76f2450 Unloading class 0x000000010023a000 'java/lang/invoke/LambdaForm$MH+0x000000010023a000'
Event: 3.764 Thread 0x0000020cd76f2450 Unloading class 0x0000000100239c00 'java/lang/invoke/LambdaForm$MH+0x0000000100239c00'
Event: 3.764 Thread 0x0000020cd76f2450 Unloading class 0x0000000100239800 'java/lang/invoke/LambdaForm$MH+0x0000000100239800'
Event: 3.764 Thread 0x0000020cd76f2450 Unloading class 0x0000000100239400 'java/lang/invoke/LambdaForm$MH+0x0000000100239400'
Event: 3.764 Thread 0x0000020cd76f2450 Unloading class 0x0000000100239000 'java/lang/invoke/LambdaForm$BMH+0x0000000100239000'
Event: 3.764 Thread 0x0000020cd76f2450 Unloading class 0x0000000100238c00 'java/lang/invoke/LambdaForm$DMH+0x0000000100238c00'
Event: 3.764 Thread 0x0000020cd76f2450 Unloading class 0x0000000100234400 'java/lang/invoke/LambdaForm$DMH+0x0000000100234400'
Event: 24.120 Thread 0x0000020cd76f2450 Unloading class 0x0000000100826800 'java/lang/invoke/LambdaForm$MH+0x0000000100826800'
Event: 24.120 Thread 0x0000020cd76f2450 Unloading class 0x0000000100826c00 'java/lang/invoke/LambdaForm$MH+0x0000000100826c00'
Event: 24.120 Thread 0x0000020cd76f2450 Unloading class 0x0000000100826000 'java/lang/invoke/LambdaForm$MH+0x0000000100826000'
Event: 24.120 Thread 0x0000020cd76f2450 Unloading class 0x0000000100825c00 'java/lang/invoke/LambdaForm$MH+0x0000000100825c00'
Event: 24.120 Thread 0x0000020cd76f2450 Unloading class 0x0000000100825800 'java/lang/invoke/LambdaForm$DMH+0x0000000100825800'
Event: 24.120 Thread 0x0000020cd76f2450 Unloading class 0x0000000100825400 'java/lang/invoke/LambdaForm$DMH+0x0000000100825400'
Event: 24.120 Thread 0x0000020cd76f2450 Unloading class 0x0000000100824c00 'java/lang/invoke/LambdaForm$DMH+0x0000000100824c00'
Event: 24.120 Thread 0x0000020cd76f2450 Unloading class 0x0000000100825000 'java/lang/invoke/LambdaForm$DMH+0x0000000100825000'

Classes redefined (0 events):
No events

Internal exceptions (20 events):
Event: 25.142 Thread 0x0000020ce01bbd40 Exception <a 'java/lang/NoSuchMethodError'{0x00000000eae65cb8}: 'void java.lang.invoke.DirectMethodHandle$Holder.invokeSpecial(java.lang.Object, java.lang.Object, java.lang.Object, java.lang.Object, java.lang.Object)'> (0x00000000eae65cb8) 
thrown [s\src\hotspot\share\interpreter\linkResolver.cpp, line 759]
Event: 25.284 Thread 0x0000020ce203b0a0 Exception <a 'sun/nio/fs/WindowsException'{0x00000000eae9a218}> (0x00000000eae9a218) 
thrown [s\src\hotspot\share\prims\jni.cpp, line 516]
Event: 25.284 Thread 0x0000020ce203b0a0 Exception <a 'sun/nio/fs/WindowsException'{0x00000000eae9ab48}> (0x00000000eae9ab48) 
thrown [s\src\hotspot\share\prims\jni.cpp, line 516]
Event: 25.284 Thread 0x0000020ce203b0a0 Exception <a 'sun/nio/fs/WindowsException'{0x00000000eae9b9c8}> (0x00000000eae9b9c8) 
thrown [s\src\hotspot\share\prims\jni.cpp, line 516]
Event: 25.285 Thread 0x0000020ce203b0a0 Exception <a 'sun/nio/fs/WindowsException'{0x00000000eae9c2d8}> (0x00000000eae9c2d8) 
thrown [s\src\hotspot\share\prims\jni.cpp, line 516]
Event: 25.285 Thread 0x0000020ce203b0a0 Exception <a 'sun/nio/fs/WindowsException'{0x00000000eb018f40}> (0x00000000eb018f40) 
thrown [s\src\hotspot\share\prims\jni.cpp, line 516]
Event: 25.285 Thread 0x0000020ce203b0a0 Exception <a 'sun/nio/fs/WindowsException'{0x00000000eb019850}> (0x00000000eb019850) 
thrown [s\src\hotspot\share\prims\jni.cpp, line 516]
Event: 25.287 Thread 0x0000020ce203b0a0 Exception <a 'sun/nio/fs/WindowsException'{0x00000000eb0c9578}> (0x00000000eb0c9578) 
thrown [s\src\hotspot\share\prims\jni.cpp, line 516]
Event: 25.287 Thread 0x0000020ce203b0a0 Exception <a 'sun/nio/fs/WindowsException'{0x00000000eb0c9e88}> (0x00000000eb0c9e88) 
thrown [s\src\hotspot\share\prims\jni.cpp, line 516]
Event: 25.598 Thread 0x0000020ce01bbd40 Implicit null exception at 0x0000020cce1b52fb to 0x0000020cce1b5860
Event: 25.812 Thread 0x0000020ce01bbd40 Implicit null exception at 0x0000020ccdce03ba to 0x0000020ccdce0ba0
Event: 26.222 Thread 0x0000020ce01bbd40 Implicit null exception at 0x0000020cce22b6d1 to 0x0000020cce22f188
Event: 26.277 Thread 0x0000020ce01bbd40 Exception <a 'sun/nio/fs/WindowsException'{0x00000000eb0f2d60}> (0x00000000eb0f2d60) 
thrown [s\src\hotspot\share\prims\jni.cpp, line 516]
Event: 26.277 Thread 0x0000020ce01bbd40 Exception <a 'sun/nio/fs/WindowsException'{0x00000000eb0f33c8}> (0x00000000eb0f33c8) 
thrown [s\src\hotspot\share\prims\jni.cpp, line 516]
Event: 26.278 Thread 0x0000020ce01bbd40 Exception <a 'sun/nio/fs/WindowsException'{0x00000000eb0f3f88}> (0x00000000eb0f3f88) 
thrown [s\src\hotspot\share\prims\jni.cpp, line 516]
Event: 26.278 Thread 0x0000020ce01bbd40 Exception <a 'sun/nio/fs/WindowsException'{0x00000000eb0f45f0}> (0x00000000eb0f45f0) 
thrown [s\src\hotspot\share\prims\jni.cpp, line 516]
Event: 26.278 Thread 0x0000020ce01bbd40 Exception <a 'sun/nio/fs/WindowsException'{0x00000000eb0f5c38}> (0x00000000eb0f5c38) 
thrown [s\src\hotspot\share\prims\jni.cpp, line 516]
Event: 26.278 Thread 0x0000020ce01bbd40 Exception <a 'sun/nio/fs/WindowsException'{0x00000000eb0f62a0}> (0x00000000eb0f62a0) 
thrown [s\src\hotspot\share\prims\jni.cpp, line 516]
Event: 26.331 Thread 0x0000020ce01bbd40 Exception <a 'sun/nio/fs/WindowsException'{0x00000000eab12b00}> (0x00000000eab12b00) 
thrown [s\src\hotspot\share\prims\jni.cpp, line 516]
Event: 26.331 Thread 0x0000020ce01bbd40 Exception <a 'sun/nio/fs/WindowsException'{0x00000000eab13410}> (0x00000000eab13410) 
thrown [s\src\hotspot\share\prims\jni.cpp, line 516]

VM Operations (20 events):
Event: 26.172 Executing VM operation: ParallelGCFailedAllocation
Event: 26.173 Executing VM operation: ParallelGCFailedAllocation done
Event: 26.181 Executing VM operation: ParallelGCFailedAllocation
Event: 26.182 Executing VM operation: ParallelGCFailedAllocation done
Event: 26.190 Executing VM operation: ParallelGCFailedAllocation
Event: 26.191 Executing VM operation: ParallelGCFailedAllocation done
Event: 26.198 Executing VM operation: ParallelGCFailedAllocation
Event: 26.199 Executing VM operation: ParallelGCFailedAllocation done
Event: 26.208 Executing VM operation: ParallelGCFailedAllocation
Event: 26.209 Executing VM operation: ParallelGCFailedAllocation done
Event: 26.219 Executing VM operation: ParallelGCFailedAllocation
Event: 26.219 Executing VM operation: ParallelGCFailedAllocation done
Event: 26.232 Executing VM operation: ParallelGCFailedAllocation
Event: 26.234 Executing VM operation: ParallelGCFailedAllocation done
Event: 26.244 Executing VM operation: ParallelGCFailedAllocation
Event: 26.245 Executing VM operation: ParallelGCFailedAllocation done
Event: 26.256 Executing VM operation: ParallelGCFailedAllocation
Event: 26.257 Executing VM operation: ParallelGCFailedAllocation done
Event: 26.279 Executing VM operation: ParallelGCFailedAllocation
Event: 26.329 Executing VM operation: ParallelGCFailedAllocation done

Memory protections (0 events):
No events

Nmethod flushes (20 events):
Event: 21.340 Thread 0x0000020cdc8d4d70 flushing  nmethod 0x0000020cc71f8b10
Event: 21.340 Thread 0x0000020cdc8d4d70 flushing  nmethod 0x0000020cc71fa110
Event: 21.340 Thread 0x0000020cdc8d4d70 flushing  nmethod 0x0000020cc71fab10
Event: 21.340 Thread 0x0000020cdc8d4d70 flushing  nmethod 0x0000020cc720c310
Event: 21.340 Thread 0x0000020cdc8d4d70 flushing  nmethod 0x0000020cc7212490
Event: 21.340 Thread 0x0000020cdc8d4d70 flushing  nmethod 0x0000020cc7216490
Event: 21.340 Thread 0x0000020cdc8d4d70 flushing  nmethod 0x0000020cc7217610
Event: 21.340 Thread 0x0000020cdc8d4d70 flushing  nmethod 0x0000020cc7229b10
Event: 21.340 Thread 0x0000020cdc8d4d70 flushing  nmethod 0x0000020cc722d690
Event: 21.340 Thread 0x0000020cdc8d4d70 flushing  nmethod 0x0000020cc7235690
Event: 21.340 Thread 0x0000020cdc8d4d70 flushing  nmethod 0x0000020cc7237f10
Event: 21.340 Thread 0x0000020cdc8d4d70 flushing  nmethod 0x0000020cc7241610
Event: 21.340 Thread 0x0000020cdc8d4d70 flushing  nmethod 0x0000020cc7243290
Event: 21.340 Thread 0x0000020cdc8d4d70 flushing  nmethod 0x0000020cc7262e90
Event: 21.340 Thread 0x0000020cdc8d4d70 flushing  nmethod 0x0000020cc7286710
Event: 21.340 Thread 0x0000020cdc8d4d70 flushing  nmethod 0x0000020cc7293690
Event: 21.340 Thread 0x0000020cdc8d4d70 flushing  nmethod 0x0000020cc72ae010
Event: 21.341 Thread 0x0000020cdc8d4d70 flushing  nmethod 0x0000020cc7376990
Event: 21.341 Thread 0x0000020cdc8d4d70 flushing  nmethod 0x0000020cc7386490
Event: 25.026 Thread 0x0000020cdc8d4d70 flushing  nmethod 0x0000020cc6b1ae10

Events (20 events):
Event: 23.673 Thread 0x0000020ce2270180 Thread added: 0x0000020ce2039240
Event: 23.673 Thread 0x0000020ce2270180 Thread added: 0x0000020ce2039750
Event: 23.674 Thread 0x0000020ce2270180 Thread added: 0x0000020ce2039c60
Event: 23.788 Thread 0x0000020ce2039750 Thread exited: 0x0000020ce2039750
Event: 23.788 Thread 0x0000020ce2039c60 Thread exited: 0x0000020ce2039c60
Event: 23.788 Thread 0x0000020ce2039240 Thread exited: 0x0000020ce2039240
Event: 23.788 Thread 0x0000020ce2037e00 Thread exited: 0x0000020ce2037e00
Event: 23.788 Thread 0x0000020ce2038820 Thread exited: 0x0000020ce2038820
Event: 23.812 Thread 0x0000020cedf10c80 Thread added: 0x0000020cedf13c50
Event: 24.307 Thread 0x0000020cedf12c60 Thread added: 0x0000020cdf602cd0
Event: 24.415 Thread 0x0000020cedf12710 Thread added: 0x0000020cdf603220
Event: 24.434 Thread 0x0000020cdc8cec60 Thread added: 0x0000020cdf603770
Event: 24.448 Thread 0x0000020cedf12710 Thread added: 0x0000020cdf604210
Event: 24.491 Thread 0x0000020cedf10c80 Thread added: 0x0000020cdf604760
Event: 24.638 Thread 0x0000020cdf604760 Thread added: 0x0000020cf08b1a60
Event: 25.117 Thread 0x0000020ce01bbd40 Thread added: 0x0000020ce2039240
Event: 25.178 Thread 0x0000020ce226ed40 Thread added: 0x0000020ce203b0a0
Event: 25.179 Thread 0x0000020ce226ed40 Thread added: 0x0000020ce203ab90
Event: 25.180 Thread 0x0000020ce203ab90 Thread added: 0x0000020ce2037e00
Event: 25.180 Thread 0x0000020ce2037e00 Thread added: 0x0000020ce01b8590


Dynamic libraries:
0x00007ff6ceb60000 - 0x00007ff6ceb6e000 	c:\Users\nguye\.vscode\extensions\redhat.java-1.37.0-win32-x64\jre\17.0.13-win32-x86_64\bin\java.exe
0x00007ffb4e700000 - 0x00007ffb4e963000 	C:\WINDOWS\SYSTEM32\ntdll.dll
0x00007ffb4d920000 - 0x00007ffb4d9e8000 	C:\WINDOWS\System32\KERNEL32.DLL
0x00007ffb4be20000 - 0x00007ffb4c1d1000 	C:\WINDOWS\System32\KERNELBASE.dll
0x00007ffb4c420000 - 0x00007ffb4c56b000 	C:\WINDOWS\System32\ucrtbase.dll
0x00007ffb01a80000 - 0x00007ffb01a97000 	c:\Users\nguye\.vscode\extensions\redhat.java-1.37.0-win32-x64\jre\17.0.13-win32-x86_64\bin\jli.dll
0x00007ffb0e9e0000 - 0x00007ffb0e9fe000 	c:\Users\nguye\.vscode\extensions\redhat.java-1.37.0-win32-x64\jre\17.0.13-win32-x86_64\bin\VCRUNTIME140.dll
0x00007ffb4e4f0000 - 0x00007ffb4e6b8000 	C:\WINDOWS\System32\USER32.dll
0x00007ffb4bcc0000 - 0x00007ffb4bce7000 	C:\WINDOWS\System32\win32u.dll
0x00007ffb4cf80000 - 0x00007ffb4cfaa000 	C:\WINDOWS\System32\GDI32.dll
0x00007ffb300a0000 - 0x00007ffb30330000 	C:\WINDOWS\WinSxS\amd64_microsoft.windows.common-controls_6595b64144ccf1df_6.0.26100.2161_none_3e0cadb0e33078e1\COMCTL32.dll
0x00007ffb4bcf0000 - 0x00007ffb4be15000 	C:\WINDOWS\System32\gdi32full.dll
0x00007ffb4e440000 - 0x00007ffb4e4e9000 	C:\WINDOWS\System32\msvcrt.dll
0x00007ffb4bb90000 - 0x00007ffb4bc33000 	C:\WINDOWS\System32\msvcp_win.dll
0x00007ffb4dbd0000 - 0x00007ffb4dbff000 	C:\WINDOWS\System32\IMM32.DLL
0x00007ffb46110000 - 0x00007ffb4611c000 	c:\Users\nguye\.vscode\extensions\redhat.java-1.37.0-win32-x64\jre\17.0.13-win32-x86_64\bin\vcruntime140_1.dll
0x00007ffac5020000 - 0x00007ffac50ad000 	c:\Users\nguye\.vscode\extensions\redhat.java-1.37.0-win32-x64\jre\17.0.13-win32-x86_64\bin\msvcp140.dll
0x00007ffab90b0000 - 0x00007ffab9d1b000 	c:\Users\nguye\.vscode\extensions\redhat.java-1.37.0-win32-x64\jre\17.0.13-win32-x86_64\bin\server\jvm.dll
0x00007ffb4c840000 - 0x00007ffb4c8f4000 	C:\WINDOWS\System32\ADVAPI32.dll
0x00007ffb4c900000 - 0x00007ffb4c9a6000 	C:\WINDOWS\System32\sechost.dll
0x00007ffb4dda0000 - 0x00007ffb4deb6000 	C:\WINDOWS\System32\RPCRT4.dll
0x00007ffb4dc10000 - 0x00007ffb4dc84000 	C:\WINDOWS\System32\WS2_32.dll
0x00007ffb40c40000 - 0x00007ffb40c76000 	C:\WINDOWS\SYSTEM32\WINMM.dll
0x00007ffb4a7b0000 - 0x00007ffb4a7fe000 	C:\WINDOWS\SYSTEM32\POWRPROF.dll
0x00007ffb447d0000 - 0x00007ffb447db000 	C:\WINDOWS\SYSTEM32\VERSION.dll
0x00007ffb4a790000 - 0x00007ffb4a7a4000 	C:\WINDOWS\SYSTEM32\UMPDC.dll
0x00007ffb4aa50000 - 0x00007ffb4aa6a000 	C:\WINDOWS\SYSTEM32\kernel.appcore.dll
0x00007ffb42750000 - 0x00007ffb4275a000 	c:\Users\nguye\.vscode\extensions\redhat.java-1.37.0-win32-x64\jre\17.0.13-win32-x86_64\bin\jimage.dll
0x00007ffb49270000 - 0x00007ffb494b1000 	C:\WINDOWS\SYSTEM32\DBGHELP.DLL
0x00007ffb4e0c0000 - 0x00007ffb4e43d000 	C:\WINDOWS\System32\combase.dll
0x00007ffb4c570000 - 0x00007ffb4c646000 	C:\WINDOWS\System32\OLEAUT32.dll
0x00007ffb2d010000 - 0x00007ffb2d049000 	C:\WINDOWS\SYSTEM32\dbgcore.DLL
0x00007ffb4baf0000 - 0x00007ffb4bb89000 	C:\WINDOWS\System32\bcryptPrimitives.dll
0x00007ffb33260000 - 0x00007ffb3326e000 	c:\Users\nguye\.vscode\extensions\redhat.java-1.37.0-win32-x64\jre\17.0.13-win32-x86_64\bin\instrument.dll
0x00007ffafd950000 - 0x00007ffafd975000 	c:\Users\nguye\.vscode\extensions\redhat.java-1.37.0-win32-x64\jre\17.0.13-win32-x86_64\bin\java.dll
0x00007ffb01880000 - 0x00007ffb01898000 	c:\Users\nguye\.vscode\extensions\redhat.java-1.37.0-win32-x64\jre\17.0.13-win32-x86_64\bin\zip.dll
0x00007ffb4d1e0000 - 0x00007ffb4d8df000 	C:\WINDOWS\System32\SHELL32.dll
0x00007ffb49840000 - 0x00007ffb4a06d000 	C:\WINDOWS\SYSTEM32\windows.storage.dll
0x00007ffb4da00000 - 0x00007ffb4dad3000 	C:\WINDOWS\System32\SHCORE.dll
0x00007ffb4dc90000 - 0x00007ffb4dced000 	C:\WINDOWS\System32\shlwapi.dll
0x00007ffb4ba00000 - 0x00007ffb4ba2e000 	C:\WINDOWS\SYSTEM32\profapi.dll
0x00007ffb01830000 - 0x00007ffb01849000 	C:\Users\nguye\.vscode\extensions\redhat.java-1.37.0-win32-x64\jre\17.0.13-win32-x86_64\bin\net.dll
0x00007ffb458d0000 - 0x00007ffb459f6000 	C:\WINDOWS\SYSTEM32\WINHTTP.dll
0x00007ffb4af50000 - 0x00007ffb4afb8000 	C:\WINDOWS\system32\mswsock.dll
0x00007ffacefd0000 - 0x00007ffacefe6000 	C:\Users\nguye\.vscode\extensions\redhat.java-1.37.0-win32-x64\jre\17.0.13-win32-x86_64\bin\nio.dll
0x00007ffb298e0000 - 0x00007ffb298f0000 	c:\Users\nguye\.vscode\extensions\redhat.java-1.37.0-win32-x64\jre\17.0.13-win32-x86_64\bin\verify.dll
0x00007ffb07420000 - 0x00007ffb07465000 	C:\Users\nguye\AppData\Roaming\Code\User\globalStorage\redhat.java\1.37.0\config_win\org.eclipse.equinox.launcher\org.eclipse.equinox.launcher.win32.win32.x86_64_1.2.1100.v20240722-2106\eclipse_11904.dll
0x00007ffb4c650000 - 0x00007ffb4c7e9000 	C:\WINDOWS\System32\ole32.dll
0x00007ffb4b200000 - 0x00007ffb4b21c000 	C:\WINDOWS\SYSTEM32\CRYPTSP.dll
0x00007ffb4a9b0000 - 0x00007ffb4a9e8000 	C:\WINDOWS\system32\rsaenh.dll
0x00007ffb4aff0000 - 0x00007ffb4b01b000 	C:\WINDOWS\SYSTEM32\USERENV.dll
0x00007ffb4b430000 - 0x00007ffb4b456000 	C:\WINDOWS\SYSTEM32\bcrypt.dll
0x00007ffb4b1f0000 - 0x00007ffb4b1fc000 	C:\WINDOWS\SYSTEM32\CRYPTBASE.dll
0x00007ffb4a4a0000 - 0x00007ffb4a4d1000 	C:\WINDOWS\SYSTEM32\IPHLPAPI.DLL
0x00007ffb4c9c0000 - 0x00007ffb4c9ca000 	C:\WINDOWS\System32\NSI.dll
0x00007ffb46af0000 - 0x00007ffb46b0e000 	C:\WINDOWS\SYSTEM32\dhcpcsvc6.DLL
0x00007ffb46680000 - 0x00007ffb466a5000 	C:\WINDOWS\SYSTEM32\dhcpcsvc.DLL
0x00007ffb4a4e0000 - 0x00007ffb4a605000 	C:\WINDOWS\SYSTEM32\DNSAPI.dll
0x00007ffb24800000 - 0x00007ffb24849000 	C:\Users\nguye\AppData\Local\Temp\jna-104772072\jna7466546372652687469.dll
0x00007ffb4c9b0000 - 0x00007ffb4c9b8000 	C:\WINDOWS\System32\PSAPI.DLL

dbghelp: loaded successfully - version: 4.0.5 - missing functions: none
symbol engine: initialized successfully - sym options: 0x614 - pdb path: .;c:\Users\nguye\.vscode\extensions\redhat.java-1.37.0-win32-x64\jre\17.0.13-win32-x86_64\bin;C:\WINDOWS\SYSTEM32;C:\WINDOWS\WinSxS\amd64_microsoft.windows.common-controls_6595b64144ccf1df_6.0.26100.2161_none_3e0cadb0e33078e1;c:\Users\nguye\.vscode\extensions\redhat.java-1.37.0-win32-x64\jre\17.0.13-win32-x86_64\bin\server;C:\Users\nguye\AppData\Roaming\Code\User\globalStorage\redhat.java\1.37.0\config_win\org.eclipse.equinox.launcher\org.eclipse.equinox.launcher.win32.win32.x86_64_1.2.1100.v20240722-2106;C:\Users\nguye\AppData\Local\Temp\jna-104772072

VM Arguments:
jvm_args: --add-modules=ALL-SYSTEM --add-opens=java.base/java.util=ALL-UNNAMED --add-opens=java.base/java.lang=ALL-UNNAMED --add-opens=java.base/sun.nio.fs=ALL-UNNAMED -Declipse.application=org.eclipse.jdt.ls.core.id1 -Dosgi.bundles.defaultStartLevel=4 -Declipse.product=org.eclipse.jdt.ls.core.product -Djava.import.generatesMetadataFilesAtProjectRoot=false -DDetectVMInstallationsJob.disabled=true -Dfile.encoding=utf8 -XX:+UseParallelGC -XX:GCTimeRatio=4 -XX:AdaptiveSizePolicyWeight=90 -Dsun.zip.disableMemoryMapping=true -Xmx1G -Xms100m -Xlog:disable -javaagent:c:\Users\nguye\.vscode\extensions\redhat.java-1.37.0-win32-x64\lombok\lombok-1.18.34.jar -XX:+HeapDumpOnOutOfMemoryError -XX:HeapDumpPath=c:\Users\nguye\AppData\Roaming\Code\User\workspaceStorage\aed91de4511fc9217d01603f6463c4db\redhat.java -Daether.dependencyCollector.impl=bf 
java_command: c:\Users\nguye\.vscode\extensions\redhat.java-1.37.0-win32-x64\server\plugins\org.eclipse.equinox.launcher_1.6.900.v20240613-2009.jar -configuration c:\Users\nguye\AppData\Roaming\Code\User\globalStorage\redhat.java\1.37.0\config_win -data c:\Users\nguye\AppData\Roaming\Code\User\workspaceStorage\aed91de4511fc9217d01603f6463c4db\redhat.java\jdt_ws --pipe=\\.\pipe\lsp-9823f2fd995a7a96b7abbbfc4a317caa-sock
java_class_path (initial): c:\Users\nguye\.vscode\extensions\redhat.java-1.37.0-win32-x64\server\plugins\org.eclipse.equinox.launcher_1.6.900.v20240613-2009.jar
Launcher Type: SUN_STANDARD

[Global flags]
    uintx AdaptiveSizePolicyWeight                 = 90                                        {product} {command line}
     intx CICompilerCount                          = 12                                        {product} {ergonomic}
    uintx GCTimeRatio                              = 4                                         {product} {command line}
     bool HeapDumpOnOutOfMemoryError               = true                                   {manageable} {command line}
    ccstr HeapDumpPath                             = c:\Users\nguye\AppData\Roaming\Code\User\workspaceStorage\aed91de4511fc9217d01603f6463c4db\redhat.java         {manageable} {command line}
   size_t InitialHeapSize                          = 104857600                                 {product} {command line}
   size_t MaxHeapSize                              = 1073741824                                {product} {command line}
   size_t MaxNewSize                               = 357564416                                 {product} {ergonomic}
   size_t MinHeapDeltaBytes                        = 524288                                    {product} {ergonomic}
   size_t MinHeapSize                              = 104857600                                 {product} {command line}
   size_t NewSize                                  = 34603008                                  {product} {ergonomic}
    uintx NonNMethodCodeHeapSize                   = 7602480                                {pd product} {ergonomic}
    uintx NonProfiledCodeHeapSize                  = 122027880                              {pd product} {ergonomic}
   size_t OldSize                                  = 70254592                                  {product} {ergonomic}
    uintx ProfiledCodeHeapSize                     = 122027880                              {pd product} {ergonomic}
    uintx ReservedCodeCacheSize                    = 251658240                              {pd product} {ergonomic}
     bool SegmentedCodeCache                       = true                                      {product} {ergonomic}
   size_t SoftMaxHeapSize                          = 1073741824                             {manageable} {ergonomic}
     bool UseCompressedClassPointers               = true                           {product lp64_product} {ergonomic}
     bool UseCompressedOops                        = true                           {product lp64_product} {ergonomic}
     bool UseLargePagesIndividualAllocation        = false                                  {pd product} {ergonomic}
     bool UseParallelGC                            = true                                      {product} {command line}

Logging:
Log output configuration:
 #0: stdout all=off uptime,level,tags
 #1: stderr all=off uptime,level,tags

Environment Variables:
JAVA_HOME=C:\Program Files\Java\jdk-21.0.5+11
PATH=C:\Program Files\Python312\Scripts\;C:\Program Files\Python312\;C:\Program Files\Common Files\Oracle\Java\javapath;C:\WINDOWS\system32;C:\WINDOWS;C:\WINDOWS\System32\Wbem;C:\WINDOWS\System32\WindowsPowerShell\v1.0\;C:\WINDOWS\System32\OpenSSH\;C:\Program Files\nodejs\;C:\Program Files\Git\cmd;C:\Program Files\Docker\Docker\resources\bin;C:\Program Files\Java\jdk-21.0.5+11\bin;C:\Users\nguye\AppData\Local\Microsoft\WindowsApps;C:\Users\nguye\AppData\Roaming\npm;C:\Users\nguye\AppData\Local\Programs\Microsoft VS Code\bin;C:\Program Files\JetBrains\IntelliJ IDEA 2024.3\bin;;C:\Users\nguye\AppData\Local\Programs\oh-my-posh\bin;C:\Program Files\JetBrains\DataGrip 2024.3\bin;;C:\Program Files\Python312\Scripts\;C:\Program Files\Python312\;
USERNAME=nguye
OS=Windows_NT
PROCESSOR_IDENTIFIER=Intel64 Family 6 Model 154 Stepping 3, GenuineIntel
TMP=C:\Users\nguye\AppData\Local\Temp
TEMP=C:\Users\nguye\AppData\Local\Temp



Periodic native trim disabled


---------------  S Y S T E M  ---------------

OS:
 Windows 11 , 64 bit Build 26100 (10.0.26100.2161)
OS uptime: 0 days 0:17 hours
Hyper-V role detected

CPU: total 20 (initial active 20) (10 cores per cpu, 2 threads per core) family 6 model 154 stepping 3 microcode 0x429, cx8, cmov, fxsr, ht, mmx, 3dnowpref, sse, sse2, sse3, ssse3, sse4.1, sse4.2, popcnt, lzcnt, tsc, tscinvbit, avx, avx2, aes, erms, clmul, bmi1, bmi2, adx, sha, fma, vzeroupper, clflush, clflushopt, clwb, hv
Processor Information for processor 0
  Max Mhz: 2300, Current Mhz: 2300, Mhz Limit: 2300
Processor Information for processor 1
  Max Mhz: 2300, Current Mhz: 2300, Mhz Limit: 2300
Processor Information for processor 2
  Max Mhz: 2300, Current Mhz: 2300, Mhz Limit: 2300
Processor Information for processor 3
  Max Mhz: 2300, Current Mhz: 2300, Mhz Limit: 2300
Processor Information for processor 4
  Max Mhz: 2300, Current Mhz: 2300, Mhz Limit: 2300
Processor Information for processor 5
  Max Mhz: 2300, Current Mhz: 2300, Mhz Limit: 2300
Processor Information for processor 6
  Max Mhz: 2300, Current Mhz: 2300, Mhz Limit: 2300
Processor Information for processor 7
  Max Mhz: 2300, Current Mhz: 2300, Mhz Limit: 2300
Processor Information for processor 8
  Max Mhz: 2300, Current Mhz: 2300, Mhz Limit: 2300
Processor Information for processor 9
  Max Mhz: 2300, Current Mhz: 2300, Mhz Limit: 2300
Processor Information for processor 10
  Max Mhz: 2300, Current Mhz: 2300, Mhz Limit: 2300
Processor Information for processor 11
  Max Mhz: 2300, Current Mhz: 2300, Mhz Limit: 2300
Processor Information for processor 12
  Max Mhz: 2300, Current Mhz: 2300, Mhz Limit: 2300
Processor Information for processor 13
  Max Mhz: 2300, Current Mhz: 1488, Mhz Limit: 2300
Processor Information for processor 14
  Max Mhz: 2300, Current Mhz: 2300, Mhz Limit: 2300
Processor Information for processor 15
  Max Mhz: 2300, Current Mhz: 2300, Mhz Limit: 2300
Processor Information for processor 16
  Max Mhz: 2300, Current Mhz: 2300, Mhz Limit: 2300
Processor Information for processor 17
  Max Mhz: 2300, Current Mhz: 1488, Mhz Limit: 2300
Processor Information for processor 18
  Max Mhz: 2300, Current Mhz: 1488, Mhz Limit: 2300
Processor Information for processor 19
  Max Mhz: 2300, Current Mhz: 1488, Mhz Limit: 2300

Memory: 4k page, system-wide physical 16004M (5150M free)
TotalPageFile size 37508M (AvailPageFile size 24271M)
current process WorkingSet (physical memory assigned to process): 396M, peak: 402M
current process commit charge ("private bytes"): 451M, peak: 465M

vm_info: OpenJDK 64-Bit Server VM (17.0.13+11) for windows-amd64 JRE (17.0.13+11), built on Oct 16 2024 00:10:08 by "admin" with MS VC++ 17.7 (VS2022)

END.
