#
# A fatal error has been detected by the Java Runtime Environment:
#
#  EXCEPTION_ACCESS_VIOLATION (0xc0000005) at pc=0x00007ffab963cc21, pid=19200, tid=18256
#
# JRE version: OpenJDK Runtime Environment Temurin-17.0.13+11 (17.0.13+11) (build 17.0.13+11)
# Java VM: OpenJDK 64-Bit Server VM Temurin-17.0.13+11 (17.0.13+11, mixed mode, tiered, compressed oops, compressed class ptrs, parallel gc, windows-amd64)
# Problematic frame:
# V  [jvm.dll+0x58cc21]
#
# No core dump will be written. Minidumps are not enabled by default on client versions of Windows
#
# If you would like to submit a bug report, please visit:
#   https://github.com/adoptium/adoptium-support/issues
#

---------------  S U M M A R Y ------------

Command Line: --add-modules=ALL-SYSTEM --add-opens=java.base/java.util=ALL-UNNAMED --add-opens=java.base/java.lang=ALL-UNNAMED --add-opens=java.base/sun.nio.fs=ALL-UNNAMED -Declipse.application=org.eclipse.jdt.ls.core.id1 -Dosgi.bundles.defaultStartLevel=4 -Declipse.product=org.eclipse.jdt.ls.core.product -Djava.import.generatesMetadataFilesAtProjectRoot=false -DDetectVMInstallationsJob.disabled=true -Dfile.encoding=utf8 -XX:+UseParallelGC -XX:GCTimeRatio=4 -XX:AdaptiveSizePolicyWeight=90 -Dsun.zip.disableMemoryMapping=true -Xmx1G -Xms100m -Xlog:disable -javaagent:c:\Users\nguye\.vscode\extensions\redhat.java-1.37.0-win32-x64\lombok\lombok-1.18.34.jar -XX:+HeapDumpOnOutOfMemoryError -XX:HeapDumpPath=c:\Users\nguye\AppData\Roaming\Code\User\workspaceStorage\aed91de4511fc9217d01603f6463c4db\redhat.java -Daether.dependencyCollector.impl=bf c:\Users\nguye\.vscode\extensions\redhat.java-1.37.0-win32-x64\server\plugins\org.eclipse.equinox.launcher_1.6.900.v20240613-2009.jar -configuration c:\Users\nguye\AppData\Roaming\Code\User\globalStorage\redhat.java\1.37.0\config_win -data c:\Users\nguye\AppData\Roaming\Code\User\workspaceStorage\aed91de4511fc9217d01603f6463c4db\redhat.java\jdt_ws --pipe=\\.\pipe\lsp-282a66f6ef460571db44e688a4446d1b-sock

Host: 12th Gen Intel(R) Core(TM) i7-12700H, 20 cores, 15G,  Windows 11 , 64 bit Build 26100 (10.0.26100.2161)
Time: Fri Nov 29 15:01:24 2024 SE Asia Standard Time elapsed time: 21.529779 seconds (0d 0h 0m 21s)

---------------  T H R E A D  ---------------

Current thread (0x000001d9012590d0):  JavaThread "C2 CompilerThread1" daemon [_thread_in_native, id=18256, stack(0x000000142e400000,0x000000142e500000)]


Current CompileTask:
C2:  21529 6399 % !   4       org.eclipse.jdt.internal.compiler.classfmt.ClassFileReader::<init> @ 63 (2119 bytes)

Stack: [0x000000142e400000,0x000000142e500000],  sp=0x000000142e4fa0f0,  free space=1000k
Native frames: (J=compiled Java code, j=interpreted, Vv=VM code, C=native code)
V  [jvm.dll+0x58cc21]
V  [jvm.dll+0x58cb84]
V  [jvm.dll+0x57ee51]
V  [jvm.dll+0x581bfc]
V  [jvm.dll+0x5818ad]
V  [jvm.dll+0x58191b]
V  [jvm.dll+0x58191b]
V  [jvm.dll+0x58191b]
V  [jvm.dll+0x58191b]
V  [jvm.dll+0x58191b]
V  [jvm.dll+0x58191b]
V  [jvm.dll+0x58191b]
V  [jvm.dll+0x581790]
V  [jvm.dll+0x58191b]
V  [jvm.dll+0x58191b]
V  [jvm.dll+0x58191b]
V  [jvm.dll+0x58191b]
V  [jvm.dll+0x58191b]
V  [jvm.dll+0x58191b]
V  [jvm.dll+0x58191b]
V  [jvm.dll+0x58191b]
V  [jvm.dll+0x58191b]
V  [jvm.dll+0x58191b]
V  [jvm.dll+0x58191b]
V  [jvm.dll+0x58191b]
V  [jvm.dll+0x58191b]
V  [jvm.dll+0x58932e]
V  [jvm.dll+0x220ea2]
V  [jvm.dll+0x22129f]
V  [jvm.dll+0x21a2b0]
V  [jvm.dll+0x21738b]
V  [jvm.dll+0x1a3070]
V  [jvm.dll+0x22788c]
V  [jvm.dll+0x2259eb]
V  [jvm.dll+0x7eec98]
V  [jvm.dll+0x7e8ffc]
V  [jvm.dll+0x6818f7]
C  [ucrtbase.dll+0x14ea0]
C  [KERNEL32.DLL+0x2dbe7]
C  [ntdll.dll+0xdfbec]


siginfo: EXCEPTION_ACCESS_VIOLATION (0xc0000005), reading address 0x0000000000000349


Registers:
RAX=0x000001d90df96d00, RBX=0x0000000000000349, RCX=0x000001d90df96c50, RDX=0x000001d9023ad280
RSP=0x000000142e4fa0f0, RBP=0x000001d9023ad280, RSI=0x0000000000002474, RDI=0x000000142e4fab40
R8 =0x0000000000008000, R9 =0x000001d9020aa7e0, R10=0x0000000000000001, R11=0x000000142e4fa1a8
R12=0x0000000000000010, R13=0x0000000000000003, R14=0x0000000000000008, R15=0x0000000000200000
RIP=0x00007ffab963cc21, EFLAGS=0x0000000000010202


Register to memory mapping:

RIP=0x00007ffab963cc21 jvm.dll
RAX=0x000001d90df96d00 points into unknown readable memory: 0x000001d90df96cb0 | b0 6c f9 0d d9 01 00 00
RBX=0x0000000000000349 is an unknown value
RCX=0x000001d90df96c50 points into unknown readable memory: 0x00007ffab99e2dc0 | c0 2d 9e b9 fa 7f 00 00
RDX=0x000001d9023ad280 points into unknown readable memory: 0x000001d9023acb20 | 20 cb 3a 02 d9 01 00 00
RSP=0x000000142e4fa0f0 is pointing into the stack for thread: 0x000001d9012590d0
RBP=0x000001d9023ad280 points into unknown readable memory: 0x000001d9023acb20 | 20 cb 3a 02 d9 01 00 00
RSI=0x0000000000002474 is an unknown value
RDI=0x000000142e4fab40 is pointing into the stack for thread: 0x000001d9012590d0
R8 =0x0000000000008000 is an unknown value
R9 =0x000001d9020aa7e0 points into unknown readable memory: 0x000001d9020aa7f0 | f0 a7 0a 02 d9 01 00 00
R10=0x0000000000000001 is an unknown value
R11=0x000000142e4fa1a8 is pointing into the stack for thread: 0x000001d9012590d0
R12=0x0000000000000010 is an unknown value
R13=0x0000000000000003 is an unknown value
R14=0x0000000000000008 is an unknown value
R15=0x0000000000200000 is an unknown value


Top of Stack: (sp=0x000000142e4fa0f0)
0x000000142e4fa0f0:   0000000000000001 00007ffab9629fd7
0x000000142e4fa100:   000001d903184a08 000000142e4fa3e0
0x000000142e4fa110:   000000142e4fa7e0 0000000000000000
0x000000142e4fa120:   0000000000000002 000001d9023ad280
0x000000142e4fa130:   000001d9020aa7f0 0000000000000046
0x000000142e4fa140:   000000142e4fab40 00007ffab963cb84
0x000000142e4fa150:   000001d900000045 000001d90df96c50
0x000000142e4fa160:   0000000000000095 00007ffab9266eba
0x000000142e4fa170:   000000142e4fab40 00007ffab962ee51
0x000000142e4fa180:   000001d9020aa7f0 000001d9020aa760
0x000000142e4fa190:   000001d9023ad280 000001d9023ad280
0x000000142e4fa1a0:   000001d9020aa7f0 00007ffab9631bfc
0x000000142e4fa1b0:   000001d9020aa7f0 000000142e4fab40
0x000000142e4fa1c0:   000001d9023ad280 00007ffab964c241
0x000000142e4fa1d0:   0000000000000000 0000000000000000
0x000000142e4fa1e0:   0000000000000000 0000000000000000
0x000000142e4fa1f0:   0000000000000000 000001d962538be0
0x000000142e4fa200:   000000142e4fa7e0 000000142e4fab40
0x000000142e4fa210:   000001d900bc18c0 000001d904b0abf0
0x000000142e4fa220:   000000142e4fab40 00007ffab96318ad
0x000000142e4fa230:   000000142e4fab40 000001d9023ad280
0x000000142e4fa240:   000000142e4fab40 0000000000000000
0x000000142e4fa250:   000000142e4fa7e0 000000142e4fab40
0x000000142e4fa260:   000001d9023ad3c0 00007ffab963191b
0x000000142e4fa270:   000001d904b0abf0 000000142e4fab40
0x000000142e4fa280:   0000000000000000 000001d900bc18c0
0x000000142e4fa290:   000000142e4fa7e0 000000142e4fab40
0x000000142e4fa2a0:   000001d9023ad460 00007ffab963191b
0x000000142e4fa2b0:   000001d904b0abf0 000000142e4fab40
0x000000142e4fa2c0:   0000000000000000 000001d900bc18c0
0x000000142e4fa2d0:   000000142e4fa7e0 000000142e4fab40
0x000000142e4fa2e0:   000001d9023ad320 00007ffab963191b 

Instructions: (pc=0x00007ffab963cc21)
0x00007ffab963cb21:   8f 88 09 00 00 49 8b d6 e8 02 b6 11 00 4c 8b c3
0x00007ffab963cb31:   49 8b d6 48 8b cf e8 d4 c8 11 00 48 ff ce 48 85
0x00007ffab963cb41:   f6 7f 8c 48 8b bc 24 90 00 00 00 4c 8b b4 24 98
0x00007ffab963cb51:   00 00 00 48 8b 9c 24 80 00 00 00 48 8b b4 24 88
0x00007ffab963cb61:   00 00 00 48 83 c4 70 5d c3 cc cc cc cc cc cc 48
0x00007ffab963cb71:   89 5c 24 08 57 48 83 ec 20 8b 59 50 8b fa e8 2c
0x00007ffab963cb81:   00 00 00 8d 4b 07 83 c0 11 d1 e9 44 8d 43 0d 48
0x00007ffab963cb91:   8b 5c 24 30 44 03 c1 44 0f af c7 41 03 c0 48 83
0x00007ffab963cba1:   c4 20 5f c3 cc cc cc cc cc cc cc cc cc cc cc 40
0x00007ffab963cbb1:   55 41 54 41 55 48 83 ec 40 33 c0 45 33 ed 45 33
0x00007ffab963cbc1:   e4 89 44 24 60 48 8b e9 39 41 50 0f 86 f9 01 00
0x00007ffab963cbd1:   00 48 89 5c 24 70 48 89 74 24 38 48 89 7c 24 30
0x00007ffab963cbe1:   4c 89 74 24 28 4c 89 7c 24 20 0f 1f 44 00 00 8b
0x00007ffab963cbf1:   c8 48 8b 45 48 48 8b 0c c8 48 89 4c 24 68 8b 41
0x00007ffab963cc01:   20 85 c0 0f 84 7b 01 00 00 45 33 f6 44 8b f8 48
0x00007ffab963cc11:   8b 41 10 49 8b 1c 06 48 85 db 0f 84 56 01 00 00
0x00007ffab963cc21:   48 8b 03 48 8b cb ff 50 10 84 c0 74 4e 4c 8b 45
0x00007ffab963cc31:   28 8b 43 28 41 3b 40 28 73 0f 8b c8 49 8b 40 30
0x00007ffab963cc41:   48 8b 14 c8 48 85 d2 75 07 49 8b 90 90 09 00 00
0x00007ffab963cc51:   0f b7 45 58 66 39 42 58 76 0e 0f 1f 44 00 00 48
0x00007ffab963cc61:   8b 12 66 39 42 58 77 f7 41 8d 45 01 48 3b d5 41
0x00007ffab963cc71:   0f 44 c5 44 8b e8 e9 f6 00 00 00 48 8b 7d 28 8b
0x00007ffab963cc81:   73 28 44 8b 47 28 41 3b f0 73 0a 48 8b 47 30 48
0x00007ffab963cc91:   8b 14 f0 eb 02 33 d2 f6 c2 01 0f 84 d1 00 00 00
0x00007ffab963cca1:   41 3b f0 73 0a 48 8b 5f 30 48 8b 1c f3 eb 02 33
0x00007ffab963ccb1:   db 48 83 e3 fe 48 8b 43 08 48 83 38 00 75 30 8b
0x00007ffab963ccc1:   43 28 41 3b c0 73 0a 48 8b 5f 30 48 8b 1c c3 eb
0x00007ffab963ccd1:   02 33 db 48 83 e3 fe 48 8b 43 08 48 8b 08 48 85
0x00007ffab963cce1:   c9 74 dc 0f b6 43 2c 24 07 3c 05 48 0f 44 d9 41
0x00007ffab963ccf1:   3b f0 72 0b 8b d6 48 8d 4f 20 e8 e0 36 0d 00 48
0x00007ffab963cd01:   8b 47 30 48 8d 53 01 48 89 14 f0 48 8b 7d 28 48
0x00007ffab963cd11:   85 db 75 24 4c 8d 0d 7c 64 3c 00 ba ad 03 00 00 


Stack slot to memory mapping:
stack at sp + 0 slots: 0x0000000000000001 is an unknown value
stack at sp + 1 slots: 0x00007ffab9629fd7 jvm.dll
stack at sp + 2 slots: 0x000001d903184a08 points into unknown readable memory: 0x00007ffab99c84e8 | e8 84 9c b9 fa 7f 00 00
stack at sp + 3 slots: 0x000000142e4fa3e0 is pointing into the stack for thread: 0x000001d9012590d0
stack at sp + 4 slots: 0x000000142e4fa7e0 is pointing into the stack for thread: 0x000001d9012590d0
stack at sp + 5 slots: 0x0 is NULL
stack at sp + 6 slots: 0x0000000000000002 is an unknown value
stack at sp + 7 slots: 0x000001d9023ad280 points into unknown readable memory: 0x000001d9023acb20 | 20 cb 3a 02 d9 01 00 00


---------------  P R O C E S S  ---------------

Threads class SMR info:
_java_thread_list=0x000001d9050484a0, length=63, elements={
0x000001d9648ccf30, 0x000001d978755020, 0x000001d97d896ab0, 0x000001d97875de30,
0x000001d97875e700, 0x000001d97d8bd0f0, 0x000001d97d8bdab0, 0x000001d97d8be7a0,
0x000001d97d8cc530, 0x000001d97d8d3e70, 0x000001d97d9c0750, 0x000001d9000d0670,
0x000001d9007156c0, 0x000001d900714ca0, 0x000001d900717010, 0x000001d9007160e0,
0x000001d900f2b760, 0x000001d900f2cba0, 0x000001d900d2d780, 0x000001d900f2bc70,
0x000001d90100bcc0, 0x000001d900f44510, 0x000001d9012590d0, 0x000001d901030010,
0x000001d900f2dad0, 0x000001d900f2a320, 0x000001d900f2a830, 0x000001d900f2ad40,
0x000001d900f29e10, 0x000001d901752270, 0x000001d900f2b250, 0x000001d900f2d0b0,
0x000001d900f2c690, 0x000001d900f2c180, 0x000001d900f29900, 0x000001d900f2d5c0,
0x000001d900f2ea00, 0x000001d900f30860, 0x000001d900f2dfe0, 0x000001d900f30d70,
0x000001d900f2ef10, 0x000001d900f2f420, 0x000001d900f2f930, 0x000001d900f31280,
0x000001d900f30350, 0x000001d900f2fe40, 0x000001d900f2e4f0, 0x000001d900717520,
0x000001d9007151b0, 0x000001d900715bd0, 0x000001d900717a30, 0x000001d9007165f0,
0x000001d900714790, 0x000001d900716b00, 0x000001d9044bdce0, 0x000001d9044bd7d0,
0x000001d9044bc390, 0x000001d9044bc8a0, 0x000001d904f158c0, 0x000001d9052b0f90,
0x000001d90252f240, 0x000001d9046a4e60, 0x000001d9044bbe80
}

Java Threads: ( => current thread )
  0x000001d9648ccf30 JavaThread "main" [_thread_blocked, id=18648, stack(0x000000142bd00000,0x000000142be00000)]
  0x000001d978755020 JavaThread "Reference Handler" daemon [_thread_blocked, id=16728, stack(0x000000142c000000,0x000000142c100000)]
  0x000001d97d896ab0 JavaThread "Finalizer" daemon [_thread_blocked, id=18456, stack(0x000000142c100000,0x000000142c200000)]
  0x000001d97875de30 JavaThread "Signal Dispatcher" daemon [_thread_blocked, id=18976, stack(0x000000142c200000,0x000000142c300000)]
  0x000001d97875e700 JavaThread "Attach Listener" daemon [_thread_blocked, id=18972, stack(0x000000142c300000,0x000000142c400000)]
  0x000001d97d8bd0f0 JavaThread "Service Thread" daemon [_thread_blocked, id=18968, stack(0x000000142c400000,0x000000142c500000)]
  0x000001d97d8bdab0 JavaThread "Monitor Deflation Thread" daemon [_thread_blocked, id=18940, stack(0x000000142c500000,0x000000142c600000)]
  0x000001d97d8be7a0 JavaThread "C2 CompilerThread0" daemon [_thread_in_native, id=18920, stack(0x000000142c600000,0x000000142c700000)]
  0x000001d97d8cc530 JavaThread "C1 CompilerThread0" daemon [_thread_blocked, id=18856, stack(0x000000142c700000,0x000000142c800000)]
  0x000001d97d8d3e70 JavaThread "Sweeper thread" daemon [_thread_blocked, id=18668, stack(0x000000142c800000,0x000000142c900000)]
  0x000001d97d9c0750 JavaThread "Common-Cleaner" daemon [_thread_blocked, id=11224, stack(0x000000142c900000,0x000000142ca00000)]
  0x000001d9000d0670 JavaThread "Notification Thread" daemon [_thread_blocked, id=19388, stack(0x000000142ce00000,0x000000142cf00000)]
  0x000001d9007156c0 JavaThread "Active Thread: Equinox Container: cfb8f98e-9b48-4b08-bb27-f4ba5613f014" [_thread_blocked, id=19096, stack(0x000000142dc00000,0x000000142dd00000)]
  0x000001d900714ca0 JavaThread "Framework Event Dispatcher: Equinox Container: cfb8f98e-9b48-4b08-bb27-f4ba5613f014" daemon [_thread_blocked, id=19004, stack(0x000000142ca00000,0x000000142cb00000)]
  0x000001d900717010 JavaThread "Start Level: Equinox Container: cfb8f98e-9b48-4b08-bb27-f4ba5613f014" daemon [_thread_blocked, id=18636, stack(0x000000142cb00000,0x000000142cc00000)]
  0x000001d9007160e0 JavaThread "Refresh Thread: Equinox Container: cfb8f98e-9b48-4b08-bb27-f4ba5613f014" daemon [_thread_blocked, id=10384, stack(0x000000142e500000,0x000000142e600000)]
  0x000001d900f2b760 JavaThread "Bundle File Closer" daemon [_thread_blocked, id=19160, stack(0x000000142df00000,0x000000142e000000)]
  0x000001d900f2cba0 JavaThread "SCR Component Actor" daemon [_thread_blocked, id=17544, stack(0x000000142cc00000,0x000000142cd00000)]
  0x000001d900d2d780 JavaThread "C1 CompilerThread1" daemon [_thread_in_native, id=1872, stack(0x000000142cd00000,0x000000142ce00000)]
  0x000001d900f2bc70 JavaThread "SCR Component Registry" daemon [_thread_blocked, id=5156, stack(0x000000142e000000,0x000000142e100000)]
  0x000001d90100bcc0 JavaThread "C1 CompilerThread2" daemon [_thread_blocked, id=19392, stack(0x000000142e200000,0x000000142e300000)]
  0x000001d900f44510 JavaThread "C1 CompilerThread3" daemon [_thread_blocked, id=13660, stack(0x000000142e300000,0x000000142e400000)]
=>0x000001d9012590d0 JavaThread "C2 CompilerThread1" daemon [_thread_in_native, id=18256, stack(0x000000142e400000,0x000000142e500000)]
  0x000001d901030010 JavaThread "C2 CompilerThread2" daemon [_thread_in_native, id=18504, stack(0x000000142f400000,0x000000142f500000)]
  0x000001d900f2dad0 JavaThread "Worker-JM" [_thread_blocked, id=9296, stack(0x000000142f800000,0x000000142f900000)]
  0x000001d900f2a320 JavaThread "JNA Cleaner" daemon [_thread_blocked, id=9004, stack(0x000000142d600000,0x000000142d700000)]
  0x000001d900f2a830 JavaThread "Worker-0: Building" [_thread_in_native, id=18332, stack(0x000000142d700000,0x000000142d800000)]
  0x000001d900f2ad40 JavaThread "Worker-1" [_thread_blocked, id=15448, stack(0x000000142d800000,0x000000142d900000)]
  0x000001d900f29e10 JavaThread "Worker-2: Repository registry initialization" [_thread_in_vm, id=4980, stack(0x000000142db00000,0x000000142dc00000)]
  0x000001d901752270 JavaThread "C2 CompilerThread3" daemon [_thread_in_native, id=3052, stack(0x000000142e600000,0x000000142e700000)]
  0x000001d900f2b250 JavaThread "Java indexing" daemon [_thread_in_Java, id=9552, stack(0x000000142e700000,0x000000142e800000)]
  0x000001d900f2d0b0 JavaThread "Thread-2" daemon [_thread_in_native, id=2916, stack(0x000000142ea00000,0x000000142eb00000)]
  0x000001d900f2c690 JavaThread "Thread-3" daemon [_thread_in_native, id=19304, stack(0x000000142eb00000,0x000000142ec00000)]
  0x000001d900f2c180 JavaThread "Thread-4" daemon [_thread_in_native, id=19184, stack(0x000000142ec00000,0x000000142ed00000)]
  0x000001d900f29900 JavaThread "Thread-5" daemon [_thread_in_native, id=19232, stack(0x000000142ed00000,0x000000142ee00000)]
  0x000001d900f2d5c0 JavaThread "Thread-6" daemon [_thread_in_native, id=18676, stack(0x000000142ee00000,0x000000142ef00000)]
  0x000001d900f2ea00 JavaThread "Thread-7" daemon [_thread_in_native, id=19404, stack(0x000000142ef00000,0x000000142f000000)]
  0x000001d900f30860 JavaThread "Thread-8" daemon [_thread_in_native, id=18880, stack(0x000000142f000000,0x000000142f100000)]
  0x000001d900f2dfe0 JavaThread "Thread-9" daemon [_thread_in_native, id=9560, stack(0x000000142f100000,0x000000142f200000)]
  0x000001d900f30d70 JavaThread "Thread-10" daemon [_thread_in_native, id=16280, stack(0x000000142f200000,0x000000142f300000)]
  0x000001d900f2ef10 JavaThread "Thread-11" daemon [_thread_in_native, id=12796, stack(0x000000142f300000,0x000000142f400000)]
  0x000001d900f2f420 JavaThread "Thread-12" daemon [_thread_in_native, id=18448, stack(0x000000142f900000,0x000000142fa00000)]
  0x000001d900f2f930 JavaThread "Thread-13" daemon [_thread_in_native, id=1560, stack(0x000000142fa00000,0x000000142fb00000)]
  0x000001d900f31280 JavaThread "Thread-14" daemon [_thread_in_native, id=15404, stack(0x000000142fb00000,0x000000142fc00000)]
  0x000001d900f30350 JavaThread "Thread-15" daemon [_thread_in_native, id=15944, stack(0x000000142fc00000,0x000000142fd00000)]
  0x000001d900f2fe40 JavaThread "Thread-16" daemon [_thread_in_native, id=3008, stack(0x000000142fd00000,0x000000142fe00000)]
  0x000001d900f2e4f0 JavaThread "Thread-17" daemon [_thread_in_native, id=4884, stack(0x000000142fe00000,0x000000142ff00000)]
  0x000001d900717520 JavaThread "Thread-18" daemon [_thread_in_native, id=19216, stack(0x000000142ff00000,0x0000001430000000)]
  0x000001d9007151b0 JavaThread "Thread-19" daemon [_thread_in_native, id=11612, stack(0x0000001430000000,0x0000001430100000)]
  0x000001d900715bd0 JavaThread "Thread-20" daemon [_thread_in_native, id=1648, stack(0x0000001430100000,0x0000001430200000)]
  0x000001d900717a30 JavaThread "Thread-21" daemon [_thread_in_native, id=19308, stack(0x0000001430200000,0x0000001430300000)]
  0x000001d9007165f0 JavaThread "Thread-22" daemon [_thread_in_native, id=18596, stack(0x0000001430300000,0x0000001430400000)]
  0x000001d900714790 JavaThread "pool-2-thread-1" [_thread_blocked, id=18716, stack(0x0000001430400000,0x0000001430500000)]
  0x000001d900716b00 JavaThread "Worker-3: Java indexing... " [_thread_blocked, id=9592, stack(0x0000001430500000,0x0000001430600000)]
  0x000001d9044bdce0 JavaThread "Worker-4" [_thread_blocked, id=17336, stack(0x0000001430600000,0x0000001430700000)]
  0x000001d9044bd7d0 JavaThread "Worker-5" [_thread_blocked, id=2372, stack(0x0000001430700000,0x0000001430800000)]
  0x000001d9044bc390 JavaThread "WorkspaceEventsHandler" [_thread_blocked, id=9012, stack(0x0000001430800000,0x0000001430900000)]
  0x000001d9044bc8a0 JavaThread "pool-1-thread-1" [_thread_blocked, id=2860, stack(0x0000001430900000,0x0000001430a00000)]
  0x000001d904f158c0 JavaThread "C2 CompilerThread4" daemon [_thread_in_native, id=2680, stack(0x0000001430a00000,0x0000001430b00000)]
  0x000001d9052b0f90 JavaThread "C2 CompilerThread5" daemon [_thread_in_native, id=8540, stack(0x0000001430b00000,0x0000001430c00000)]
  0x000001d90252f240 JavaThread "C2 CompilerThread6" daemon [_thread_in_native, id=18820, stack(0x0000001430c00000,0x0000001430d00000)]
  0x000001d9046a4e60 JavaThread "C2 CompilerThread7" daemon [_thread_in_native, id=19256, stack(0x0000001430d00000,0x0000001430e00000)]
  0x000001d9044bbe80 JavaThread "Worker-6" [_thread_blocked, id=7840, stack(0x0000001430e00000,0x0000001430f00000)]

Other Threads:
  0x000001d964957ff0 VMThread "VM Thread" [stack: 0x000000142bf00000,0x000000142c000000] [id=11084]
  0x000001d9000d0b50 WatcherThread [stack: 0x000000142cf00000,0x000000142d000000] [id=6108]
  0x000001d9648e2f80 GCTaskThread "GC Thread#0" [stack: 0x000000142be00000,0x000000142bf00000] [id=18460]
  0x000001d900498070 GCTaskThread "GC Thread#1" [stack: 0x000000142d100000,0x000000142d200000] [id=19044]
  0x000001d900279420 GCTaskThread "GC Thread#2" [stack: 0x000000142d200000,0x000000142d300000] [id=3524]
  0x000001d9002796e0 GCTaskThread "GC Thread#3" [stack: 0x000000142d300000,0x000000142d400000] [id=18728]
  0x000001d900a13010 GCTaskThread "GC Thread#4" [stack: 0x000000142d400000,0x000000142d500000] [id=18480]
  0x000001d900a132d0 GCTaskThread "GC Thread#5" [stack: 0x000000142d500000,0x000000142d600000] [id=12136]
  0x000001d9005806a0 GCTaskThread "GC Thread#6" [stack: 0x000000142d000000,0x000000142d100000] [id=3764]
  0x000001d900580960 GCTaskThread "GC Thread#7" [stack: 0x000000142dd00000,0x000000142de00000] [id=18496]
  0x000001d90062c390 GCTaskThread "GC Thread#8" [stack: 0x000000142de00000,0x000000142df00000] [id=18980]
  0x000001d9000f77b0 GCTaskThread "GC Thread#9" [stack: 0x000000142e100000,0x000000142e200000] [id=19068]
  0x000001d900e37870 GCTaskThread "GC Thread#10" [stack: 0x000000142f500000,0x000000142f600000] [id=13164]
  0x000001d900e37b30 GCTaskThread "GC Thread#11" [stack: 0x000000142f600000,0x000000142f700000] [id=18336]
  0x000001d9002bf140 GCTaskThread "GC Thread#12" [stack: 0x000000142f700000,0x000000142f800000] [id=9316]
  0x000001d9002bff00 GCTaskThread "GC Thread#13" [stack: 0x000000142d900000,0x000000142da00000] [id=11892]
  0x000001d9002bf400 GCTaskThread "GC Thread#14" [stack: 0x000000142da00000,0x000000142db00000] [id=10864]

Threads with active compile tasks:
C2 CompilerThread0    21587 6636       4       org.eclipse.jdt.internal.compiler.classfmt.MethodInfo::decodeCodeAttribute (143 bytes)
C2 CompilerThread1    21587 6399 % !   4       org.eclipse.jdt.internal.compiler.classfmt.ClassFileReader::<init> @ 63 (2119 bytes)
C2 CompilerThread2    21587 6635  s    4       org.eclipse.jdt.internal.compiler.classfmt.MethodInfo::readExceptionAttributes (212 bytes)
C2 CompilerThread3    21587 6640       4       org.eclipse.jdt.internal.compiler.classfmt.MethodInfo::createMethod (710 bytes)
C2 CompilerThread4    21587 5922       4       org.eclipse.jdt.internal.core.search.indexing.BinaryIndexer::addTypeReference (92 bytes)
C2 CompilerThread5    21587 6397 %     4       org.eclipse.jdt.internal.core.search.indexing.BinaryIndexer::extractReferenceFromConstantPool @ 155 (358 bytes)
C2 CompilerThread6    21587 6663       4       org.eclipse.jdt.internal.core.search.indexing.BinaryIndexer::decodeParameterTypes (596 bytes)
C2 CompilerThread7    21587 6596       4       org.eclipse.jdt.internal.compiler.classfmt.InnerClassInfo::getName (78 bytes)

VM state: not at safepoint (normal execution)

VM Mutex/Monitor currently owned by a thread: None

Heap address: 0x00000000c0000000, size: 1024 MB, Compressed Oops mode: 32-bit

CDS archive(s) not mapped
Compressed class space mapped at: 0x0000000100000000-0x0000000140000000, reserved size: 1073741824
Narrow klass base: 0x0000000000000000, Narrow klass shift: 3, Narrow klass range: 0x140000000

GC Precious Log:
 CPUs: 20 total, 20 available
 Memory: 16004M
 Large Page Support: Disabled
 NUMA Support: Disabled
 Compressed Oops: Enabled (32-bit)
 Alignments: Space 512K, Generation 512K, Heap 2M
 Heap Min Capacity: 100M
 Heap Initial Capacity: 100M
 Heap Max Capacity: 1G
 Pre-touch: Disabled
 Parallel Workers: 15

Heap:
 PSYoungGen      total 22528K, used 6591K [0x00000000eab00000, 0x00000000ec500000, 0x0000000100000000)
  eden space 19968K, 20% used [0x00000000eab00000,0x00000000eaef9cd0,0x00000000ebe80000)
  from space 2560K, 98% used [0x00000000ec180000,0x00000000ec3f6008,0x00000000ec400000)
  to   space 3072K, 0% used [0x00000000ebe80000,0x00000000ebe80000,0x00000000ec180000)
 ParOldGen       total 68608K, used 41364K [0x00000000c0000000, 0x00000000c4300000, 0x00000000eab00000)
  object space 68608K, 60% used [0x00000000c0000000,0x00000000c28650e8,0x00000000c4300000)
 Metaspace       used 48856K, committed 49920K, reserved 1114112K
  class space    used 5068K, committed 5568K, reserved 1048576K

Card table byte_map: [0x000001d964260000,0x000001d964470000] _byte_map_base: 0x000001d963c60000

Marking Bits: (ParMarkBitMap*) 0x00007ffab9c56940
 Begin Bits: [0x000001d976560000, 0x000001d977560000)
 End Bits:   [0x000001d977560000, 0x000001d978560000)

Polling page: 0x000001d962770000

Metaspace:

Usage:
  Non-class:     42.76 MB used.
      Class:      4.95 MB used.
       Both:     47.71 MB used.

Virtual space:
  Non-class space:       64.00 MB reserved,      43.31 MB ( 68%) committed,  1 nodes.
      Class space:        1.00 GB reserved,       5.44 MB ( <1%) committed,  1 nodes.
             Both:        1.06 GB reserved,      48.75 MB (  4%) committed. 

Chunk freelists:
   Non-Class:  4.16 MB
       Class:  10.60 MB
        Both:  14.76 MB

MaxMetaspaceSize: unlimited
CompressedClassSpaceSize: 1.00 GB
Initial GC threshold: 21.00 MB
Current GC threshold: 58.38 MB
CDS: off
MetaspaceReclaimPolicy: balanced
 - commit_granule_bytes: 65536.
 - commit_granule_words: 8192.
 - virtual_space_node_default_size: 8388608.
 - enlarge_chunks_in_place: 1.
 - new_chunks_are_fully_committed: 0.
 - uncommit_free_chunks: 1.
 - use_allocation_guard: 0.
 - handle_deallocations: 1.


Internal statistics:

num_allocs_failed_limit: 6.
num_arena_births: 708.
num_arena_deaths: 14.
num_vsnodes_births: 2.
num_vsnodes_deaths: 0.
num_space_committed: 780.
num_space_uncommitted: 0.
num_chunks_returned_to_freelist: 20.
num_chunks_taken_from_freelist: 2545.
num_chunk_merges: 7.
num_chunk_splits: 1566.
num_chunks_enlarged: 894.
num_inconsistent_stats: 0.

CodeHeap 'non-profiled nmethods': size=119168Kb used=2709Kb max_used=2709Kb free=116458Kb
 bounds [0x000001d96f100000, 0x000001d96f3d0000, 0x000001d976560000]
CodeHeap 'profiled nmethods': size=119104Kb used=11515Kb max_used=12579Kb free=107588Kb
 bounds [0x000001d967560000, 0x000001d9681b0000, 0x000001d96e9b0000]
CodeHeap 'non-nmethods': size=7488Kb used=3031Kb max_used=3077Kb free=4456Kb
 bounds [0x000001d96e9b0000, 0x000001d96ecd0000, 0x000001d96f100000]
 total_blobs=6245 nmethods=5599 adapters=555
 compilation: enabled
              stopped_count=0, restarted_count=0
 full_count=0

Compilation events (20 events):
Event: 21.507 Thread 0x000001d901752270 5630       4       java.lang.invoke.DirectMethodHandle$Holder::newInvokeSpecial (21 bytes)
Event: 21.508 Thread 0x000001d90100bcc0 nmethod 6634 0x000001d9679bb990 code [0x000001d9679bbd00, 0x000001d9679bcc28]
Event: 21.510 Thread 0x000001d90100bcc0 6637       2       jdk.internal.loader.AbstractClassLoaderValue$Sub::equals (55 bytes)
Event: 21.511 Thread 0x000001d97d8be7a0 nmethod 6412 0x000001d96f17e810 code [0x000001d96f17e9c0, 0x000001d96f17f108]
Event: 21.511 Thread 0x000001d90100bcc0 nmethod 6637 0x000001d9679bb310 code [0x000001d9679bb4e0, 0x000001d9679bb798]
Event: 21.512 Thread 0x000001d901030010 nmethod 5851 0x000001d96f17e210 code [0x000001d96f17e3a0, 0x000001d96f17e658]
Event: 21.512 Thread 0x000001d97d8be7a0 6636       4       org.eclipse.jdt.internal.compiler.classfmt.MethodInfo::decodeCodeAttribute (143 bytes)
Event: 21.512 Thread 0x000001d97d8cc530 6638       2       java.net.URLConnection::setUseCaches (10 bytes)
Event: 21.512 Thread 0x000001d901030010 6635  s    4       org.eclipse.jdt.internal.compiler.classfmt.MethodInfo::readExceptionAttributes (212 bytes)
Event: 21.512 Thread 0x000001d900f44510 6639       2       java.net.URLConnection::checkConnected (19 bytes)
Event: 21.513 Thread 0x000001d97d8cc530 nmethod 6638 0x000001d967f1b010 code [0x000001d967f1b1c0, 0x000001d967f1b3a8]
Event: 21.513 Thread 0x000001d900f44510 nmethod 6639 0x000001d967f1ab90 code [0x000001d967f1ad40, 0x000001d967f1af08]
Event: 21.515 Thread 0x000001d90100bcc0 6641       2       com.google.common.collect.Hashing::smear (19 bytes)
Event: 21.515 Thread 0x000001d900d2d780 6642       2       java.lang.Integer::rotateLeft (9 bytes)
Event: 21.515 Thread 0x000001d901752270 nmethod 5630 0x000001d96f17dc90 code [0x000001d96f17de20, 0x000001d96f17e008]
Event: 21.515 Thread 0x000001d90100bcc0 nmethod 6641 0x000001d967b23110 code [0x000001d967b232a0, 0x000001d967b233b8]
Event: 21.515 Thread 0x000001d900d2d780 nmethod 6642 0x000001d9678c6f90 code [0x000001d9678c7120, 0x000001d9678c7218]
Event: 21.516 Thread 0x000001d901752270 6640       4       org.eclipse.jdt.internal.compiler.classfmt.MethodInfo::createMethod (710 bytes)
Event: 21.518 Thread 0x000001d90252f240 nmethod 6456 0x000001d96f191410 code [0x000001d96f1915c0, 0x000001d96f191f18]
Event: 21.520 Thread 0x000001d90252f240 6598       4       org.eclipse.jdt.internal.core.search.indexing.BinaryIndexer::extractClassReference (30 bytes)

GC Heap History (20 events):
Event: 20.365 GC heap before
{Heap before GC invocations=18 (full 2):
 PSYoungGen      total 23552K, used 23285K [0x00000000eab00000, 0x00000000ec580000, 0x0000000100000000)
  eden space 22016K, 100% used [0x00000000eab00000,0x00000000ec080000,0x00000000ec080000)
  from space 1536K, 82% used [0x00000000ec380000,0x00000000ec4bd7c8,0x00000000ec500000)
  to   space 512K, 0% used [0x00000000ec500000,0x00000000ec500000,0x00000000ec580000)
 ParOldGen       total 68608K, used 18520K [0x00000000c0000000, 0x00000000c4300000, 0x00000000eab00000)
  object space 68608K, 26% used [0x00000000c0000000,0x00000000c1216270,0x00000000c4300000)
 Metaspace       used 45046K, committed 46080K, reserved 1114112K
  class space    used 4557K, committed 4992K, reserved 1048576K
}
Event: 20.368 GC heap after
{Heap after GC invocations=18 (full 2):
 PSYoungGen      total 22528K, used 512K [0x00000000eab00000, 0x00000000ec780000, 0x0000000100000000)
  eden space 22016K, 0% used [0x00000000eab00000,0x00000000eab00000,0x00000000ec080000)
  from space 512K, 100% used [0x00000000ec500000,0x00000000ec580000,0x00000000ec580000)
  to   space 3584K, 0% used [0x00000000ec080000,0x00000000ec080000,0x00000000ec400000)
 ParOldGen       total 68608K, used 21130K [0x00000000c0000000, 0x00000000c4300000, 0x00000000eab00000)
  object space 68608K, 30% used [0x00000000c0000000,0x00000000c14a2858,0x00000000c4300000)
 Metaspace       used 45046K, committed 46080K, reserved 1114112K
  class space    used 4557K, committed 4992K, reserved 1048576K
}
Event: 20.459 GC heap before
{Heap before GC invocations=19 (full 2):
 PSYoungGen      total 22528K, used 22528K [0x00000000eab00000, 0x00000000ec780000, 0x0000000100000000)
  eden space 22016K, 100% used [0x00000000eab00000,0x00000000ec080000,0x00000000ec080000)
  from space 512K, 100% used [0x00000000ec500000,0x00000000ec580000,0x00000000ec580000)
  to   space 3584K, 0% used [0x00000000ec080000,0x00000000ec080000,0x00000000ec400000)
 ParOldGen       total 68608K, used 21130K [0x00000000c0000000, 0x00000000c4300000, 0x00000000eab00000)
  object space 68608K, 30% used [0x00000000c0000000,0x00000000c14a2858,0x00000000c4300000)
 Metaspace       used 45310K, committed 46208K, reserved 1114112K
  class space    used 4596K, committed 4992K, reserved 1048576K
}
Event: 20.461 GC heap after
{Heap after GC invocations=19 (full 2):
 PSYoungGen      total 25088K, used 2860K [0x00000000eab00000, 0x00000000ec680000, 0x0000000100000000)
  eden space 22016K, 0% used [0x00000000eab00000,0x00000000eab00000,0x00000000ec080000)
  from space 3072K, 93% used [0x00000000ec080000,0x00000000ec34b028,0x00000000ec380000)
  to   space 3072K, 0% used [0x00000000ec380000,0x00000000ec380000,0x00000000ec680000)
 ParOldGen       total 68608K, used 21610K [0x00000000c0000000, 0x00000000c4300000, 0x00000000eab00000)
  object space 68608K, 31% used [0x00000000c0000000,0x00000000c151a858,0x00000000c4300000)
 Metaspace       used 45310K, committed 46208K, reserved 1114112K
  class space    used 4596K, committed 4992K, reserved 1048576K
}
Event: 20.567 GC heap before
{Heap before GC invocations=20 (full 2):
 PSYoungGen      total 25088K, used 24876K [0x00000000eab00000, 0x00000000ec680000, 0x0000000100000000)
  eden space 22016K, 100% used [0x00000000eab00000,0x00000000ec080000,0x00000000ec080000)
  from space 3072K, 93% used [0x00000000ec080000,0x00000000ec34b028,0x00000000ec380000)
  to   space 3072K, 0% used [0x00000000ec380000,0x00000000ec380000,0x00000000ec680000)
 ParOldGen       total 68608K, used 21610K [0x00000000c0000000, 0x00000000c4300000, 0x00000000eab00000)
  object space 68608K, 31% used [0x00000000c0000000,0x00000000c151a858,0x00000000c4300000)
 Metaspace       used 45559K, committed 46528K, reserved 1114112K
  class space    used 4635K, committed 5120K, reserved 1048576K
}
Event: 20.569 GC heap after
{Heap after GC invocations=20 (full 2):
 PSYoungGen      total 24576K, used 2257K [0x00000000eab00000, 0x00000000ec600000, 0x0000000100000000)
  eden space 22016K, 0% used [0x00000000eab00000,0x00000000eab00000,0x00000000ec080000)
  from space 2560K, 88% used [0x00000000ec380000,0x00000000ec5b4410,0x00000000ec600000)
  to   space 2560K, 0% used [0x00000000ec100000,0x00000000ec100000,0x00000000ec380000)
 ParOldGen       total 68608K, used 24278K [0x00000000c0000000, 0x00000000c4300000, 0x00000000eab00000)
  object space 68608K, 35% used [0x00000000c0000000,0x00000000c17b5870,0x00000000c4300000)
 Metaspace       used 45559K, committed 46528K, reserved 1114112K
  class space    used 4635K, committed 5120K, reserved 1048576K
}
Event: 20.659 GC heap before
{Heap before GC invocations=21 (full 2):
 PSYoungGen      total 24576K, used 24273K [0x00000000eab00000, 0x00000000ec600000, 0x0000000100000000)
  eden space 22016K, 100% used [0x00000000eab00000,0x00000000ec080000,0x00000000ec080000)
  from space 2560K, 88% used [0x00000000ec380000,0x00000000ec5b4410,0x00000000ec600000)
  to   space 2560K, 0% used [0x00000000ec100000,0x00000000ec100000,0x00000000ec380000)
 ParOldGen       total 68608K, used 24278K [0x00000000c0000000, 0x00000000c4300000, 0x00000000eab00000)
  object space 68608K, 35% used [0x00000000c0000000,0x00000000c17b5870,0x00000000c4300000)
 Metaspace       used 45860K, committed 46912K, reserved 1114112K
  class space    used 4685K, committed 5120K, reserved 1048576K
}
Event: 20.662 GC heap after
{Heap after GC invocations=21 (full 2):
 PSYoungGen      total 24576K, used 2189K [0x00000000eab00000, 0x00000000ec580000, 0x0000000100000000)
  eden space 22016K, 0% used [0x00000000eab00000,0x00000000eab00000,0x00000000ec080000)
  from space 2560K, 85% used [0x00000000ec100000,0x00000000ec323618,0x00000000ec380000)
  to   space 2048K, 0% used [0x00000000ec380000,0x00000000ec380000,0x00000000ec580000)
 ParOldGen       total 68608K, used 26182K [0x00000000c0000000, 0x00000000c4300000, 0x00000000eab00000)
  object space 68608K, 38% used [0x00000000c0000000,0x00000000c1991880,0x00000000c4300000)
 Metaspace       used 45860K, committed 46912K, reserved 1114112K
  class space    used 4685K, committed 5120K, reserved 1048576K
}
Event: 20.722 GC heap before
{Heap before GC invocations=22 (full 2):
 PSYoungGen      total 24576K, used 24205K [0x00000000eab00000, 0x00000000ec580000, 0x0000000100000000)
  eden space 22016K, 100% used [0x00000000eab00000,0x00000000ec080000,0x00000000ec080000)
  from space 2560K, 85% used [0x00000000ec100000,0x00000000ec323618,0x00000000ec380000)
  to   space 2048K, 0% used [0x00000000ec380000,0x00000000ec380000,0x00000000ec580000)
 ParOldGen       total 68608K, used 26182K [0x00000000c0000000, 0x00000000c4300000, 0x00000000eab00000)
  object space 68608K, 38% used [0x00000000c0000000,0x00000000c1991880,0x00000000c4300000)
 Metaspace       used 46121K, committed 47168K, reserved 1114112K
  class space    used 4715K, committed 5184K, reserved 1048576K
}
Event: 20.725 GC heap after
{Heap after GC invocations=22 (full 2):
 PSYoungGen      total 22528K, used 2043K [0x00000000eab00000, 0x00000000ec980000, 0x0000000100000000)
  eden space 20480K, 0% used [0x00000000eab00000,0x00000000eab00000,0x00000000ebf00000)
  from space 2048K, 99% used [0x00000000ec380000,0x00000000ec57ec18,0x00000000ec580000)
  to   space 4608K, 0% used [0x00000000ebf00000,0x00000000ebf00000,0x00000000ec380000)
 ParOldGen       total 68608K, used 28385K [0x00000000c0000000, 0x00000000c4300000, 0x00000000eab00000)
  object space 68608K, 41% used [0x00000000c0000000,0x00000000c1bb8718,0x00000000c4300000)
 Metaspace       used 46121K, committed 47168K, reserved 1114112K
  class space    used 4715K, committed 5184K, reserved 1048576K
}
Event: 20.894 GC heap before
{Heap before GC invocations=23 (full 2):
 PSYoungGen      total 22528K, used 22523K [0x00000000eab00000, 0x00000000ec980000, 0x0000000100000000)
  eden space 20480K, 100% used [0x00000000eab00000,0x00000000ebf00000,0x00000000ebf00000)
  from space 2048K, 99% used [0x00000000ec380000,0x00000000ec57ec18,0x00000000ec580000)
  to   space 4608K, 0% used [0x00000000ebf00000,0x00000000ebf00000,0x00000000ec380000)
 ParOldGen       total 68608K, used 28385K [0x00000000c0000000, 0x00000000c4300000, 0x00000000eab00000)
  object space 68608K, 41% used [0x00000000c0000000,0x00000000c1bb8718,0x00000000c4300000)
 Metaspace       used 46806K, committed 47808K, reserved 1114112K
  class space    used 4784K, committed 5248K, reserved 1048576K
}
Event: 20.899 GC heap after
{Heap after GC invocations=23 (full 2):
 PSYoungGen      total 24064K, used 3219K [0x00000000eab00000, 0x00000000ec600000, 0x0000000100000000)
  eden space 20480K, 0% used [0x00000000eab00000,0x00000000eab00000,0x00000000ebf00000)
  from space 3584K, 89% used [0x00000000ebf00000,0x00000000ec224e88,0x00000000ec280000)
  to   space 3584K, 0% used [0x00000000ec280000,0x00000000ec280000,0x00000000ec600000)
 ParOldGen       total 68608K, used 30358K [0x00000000c0000000, 0x00000000c4300000, 0x00000000eab00000)
  object space 68608K, 44% used [0x00000000c0000000,0x00000000c1da5a68,0x00000000c4300000)
 Metaspace       used 46806K, committed 47808K, reserved 1114112K
  class space    used 4784K, committed 5248K, reserved 1048576K
}
Event: 21.136 GC heap before
{Heap before GC invocations=24 (full 2):
 PSYoungGen      total 24064K, used 23699K [0x00000000eab00000, 0x00000000ec600000, 0x0000000100000000)
  eden space 20480K, 100% used [0x00000000eab00000,0x00000000ebf00000,0x00000000ebf00000)
  from space 3584K, 89% used [0x00000000ebf00000,0x00000000ec224e88,0x00000000ec280000)
  to   space 3584K, 0% used [0x00000000ec280000,0x00000000ec280000,0x00000000ec600000)
 ParOldGen       total 68608K, used 30358K [0x00000000c0000000, 0x00000000c4300000, 0x00000000eab00000)
  object space 68608K, 44% used [0x00000000c0000000,0x00000000c1da5a68,0x00000000c4300000)
 Metaspace       used 47857K, committed 48960K, reserved 1114112K
  class space    used 4924K, committed 5440K, reserved 1048576K
}
Event: 21.138 GC heap after
{Heap after GC invocations=24 (full 2):
 PSYoungGen      total 24064K, used 3114K [0x00000000eab00000, 0x00000000ec600000, 0x0000000100000000)
  eden space 20480K, 0% used [0x00000000eab00000,0x00000000eab00000,0x00000000ebf00000)
  from space 3584K, 86% used [0x00000000ec280000,0x00000000ec58abb8,0x00000000ec600000)
  to   space 3584K, 0% used [0x00000000ebf00000,0x00000000ebf00000,0x00000000ec280000)
 ParOldGen       total 68608K, used 32827K [0x00000000c0000000, 0x00000000c4300000, 0x00000000eab00000)
  object space 68608K, 47% used [0x00000000c0000000,0x00000000c200eed8,0x00000000c4300000)
 Metaspace       used 47857K, committed 48960K, reserved 1114112K
  class space    used 4924K, committed 5440K, reserved 1048576K
}
Event: 21.273 GC heap before
{Heap before GC invocations=25 (full 2):
 PSYoungGen      total 24064K, used 23594K [0x00000000eab00000, 0x00000000ec600000, 0x0000000100000000)
  eden space 20480K, 100% used [0x00000000eab00000,0x00000000ebf00000,0x00000000ebf00000)
  from space 3584K, 86% used [0x00000000ec280000,0x00000000ec58abb8,0x00000000ec600000)
  to   space 3584K, 0% used [0x00000000ebf00000,0x00000000ebf00000,0x00000000ec280000)
 ParOldGen       total 68608K, used 32827K [0x00000000c0000000, 0x00000000c4300000, 0x00000000eab00000)
  object space 68608K, 47% used [0x00000000c0000000,0x00000000c200eed8,0x00000000c4300000)
 Metaspace       used 48086K, committed 49152K, reserved 1114112K
  class space    used 4965K, committed 5440K, reserved 1048576K
}
Event: 21.275 GC heap after
{Heap after GC invocations=25 (full 2):
 PSYoungGen      total 23040K, used 2307K [0x00000000eab00000, 0x00000000ec500000, 0x0000000100000000)
  eden space 20480K, 0% used [0x00000000eab00000,0x00000000eab00000,0x00000000ebf00000)
  from space 2560K, 90% used [0x00000000ebf00000,0x00000000ec140e70,0x00000000ec180000)
  to   space 3072K, 0% used [0x00000000ec200000,0x00000000ec200000,0x00000000ec500000)
 ParOldGen       total 68608K, used 35537K [0x00000000c0000000, 0x00000000c4300000, 0x00000000eab00000)
  object space 68608K, 51% used [0x00000000c0000000,0x00000000c22b4580,0x00000000c4300000)
 Metaspace       used 48086K, committed 49152K, reserved 1114112K
  class space    used 4965K, committed 5440K, reserved 1048576K
}
Event: 21.376 GC heap before
{Heap before GC invocations=26 (full 2):
 PSYoungGen      total 23040K, used 22787K [0x00000000eab00000, 0x00000000ec500000, 0x0000000100000000)
  eden space 20480K, 100% used [0x00000000eab00000,0x00000000ebf00000,0x00000000ebf00000)
  from space 2560K, 90% used [0x00000000ebf00000,0x00000000ec140e70,0x00000000ec180000)
  to   space 3072K, 0% used [0x00000000ec200000,0x00000000ec200000,0x00000000ec500000)
 ParOldGen       total 68608K, used 35537K [0x00000000c0000000, 0x00000000c4300000, 0x00000000eab00000)
  object space 68608K, 51% used [0x00000000c0000000,0x00000000c22b4580,0x00000000c4300000)
 Metaspace       used 48287K, committed 49344K, reserved 1114112K
  class space    used 4994K, committed 5504K, reserved 1048576K
}
Event: 21.377 GC heap after
{Heap after GC invocations=26 (full 2):
 PSYoungGen      total 23040K, used 2188K [0x00000000eab00000, 0x00000000ec480000, 0x0000000100000000)
  eden space 20480K, 0% used [0x00000000eab00000,0x00000000eab00000,0x00000000ebf00000)
  from space 2560K, 85% used [0x00000000ec200000,0x00000000ec423008,0x00000000ec480000)
  to   space 2560K, 0% used [0x00000000ebf00000,0x00000000ebf00000,0x00000000ec180000)
 ParOldGen       total 68608K, used 37469K [0x00000000c0000000, 0x00000000c4300000, 0x00000000eab00000)
  object space 68608K, 54% used [0x00000000c0000000,0x00000000c2497790,0x00000000c4300000)
 Metaspace       used 48287K, committed 49344K, reserved 1114112K
  class space    used 4994K, committed 5504K, reserved 1048576K
}
Event: 21.467 GC heap before
{Heap before GC invocations=27 (full 2):
 PSYoungGen      total 23040K, used 22668K [0x00000000eab00000, 0x00000000ec480000, 0x0000000100000000)
  eden space 20480K, 100% used [0x00000000eab00000,0x00000000ebf00000,0x00000000ebf00000)
  from space 2560K, 85% used [0x00000000ec200000,0x00000000ec423008,0x00000000ec480000)
  to   space 2560K, 0% used [0x00000000ebf00000,0x00000000ebf00000,0x00000000ec180000)
 ParOldGen       total 68608K, used 37470K [0x00000000c0000000, 0x00000000c4300000, 0x00000000eab00000)
  object space 68608K, 54% used [0x00000000c0000000,0x00000000c2497878,0x00000000c4300000)
 Metaspace       used 48522K, committed 49536K, reserved 1114112K
  class space    used 5022K, committed 5504K, reserved 1048576K
}
Event: 21.468 GC heap after
{Heap after GC invocations=27 (full 2):
 PSYoungGen      total 23040K, used 2304K [0x00000000eab00000, 0x00000000ec400000, 0x0000000100000000)
  eden space 20480K, 0% used [0x00000000eab00000,0x00000000eab00000,0x00000000ebf00000)
  from space 2560K, 90% used [0x00000000ebf00000,0x00000000ec140000,0x00000000ec180000)
  to   space 2560K, 0% used [0x00000000ec180000,0x00000000ec180000,0x00000000ec400000)
 ParOldGen       total 68608K, used 39418K [0x00000000c0000000, 0x00000000c4300000, 0x00000000eab00000)
  object space 68608K, 57% used [0x00000000c0000000,0x00000000c267e880,0x00000000c4300000)
 Metaspace       used 48522K, committed 49536K, reserved 1114112K
  class space    used 5022K, committed 5504K, reserved 1048576K
}

Dll operation events (10 events):
Event: 0.284 Loaded shared library c:\Users\nguye\.vscode\extensions\redhat.java-1.37.0-win32-x64\jre\17.0.13-win32-x86_64\bin\java.dll
Event: 0.476 Loaded shared library c:\Users\nguye\.vscode\extensions\redhat.java-1.37.0-win32-x64\jre\17.0.13-win32-x86_64\bin\zip.dll
Event: 0.479 Loaded shared library C:\Users\nguye\.vscode\extensions\redhat.java-1.37.0-win32-x64\jre\17.0.13-win32-x86_64\bin\instrument.dll
Event: 0.561 Loaded shared library C:\Users\nguye\.vscode\extensions\redhat.java-1.37.0-win32-x64\jre\17.0.13-win32-x86_64\bin\net.dll
Event: 0.636 Loaded shared library C:\Users\nguye\.vscode\extensions\redhat.java-1.37.0-win32-x64\jre\17.0.13-win32-x86_64\bin\nio.dll
Event: 0.643 Loaded shared library C:\Users\nguye\.vscode\extensions\redhat.java-1.37.0-win32-x64\jre\17.0.13-win32-x86_64\bin\zip.dll
Event: 0.657 Loaded shared library C:\Users\nguye\.vscode\extensions\redhat.java-1.37.0-win32-x64\jre\17.0.13-win32-x86_64\bin\jimage.dll
Event: 0.784 Loaded shared library c:\Users\nguye\.vscode\extensions\redhat.java-1.37.0-win32-x64\jre\17.0.13-win32-x86_64\bin\verify.dll
Event: 8.088 Loaded shared library C:\Users\nguye\AppData\Roaming\Code\User\globalStorage\redhat.java\1.37.0\config_win\org.eclipse.equinox.launcher\org.eclipse.equinox.launcher.win32.win32.x86_64_1.2.1100.v20240722-2106\eclipse_11904.dll
Event: 18.264 Loaded shared library C:\Users\nguye\AppData\Local\Temp\jna-104772072\jna7061781843306693172.dll

Deoptimization events (20 events):
Event: 21.287 Thread 0x000001d900f2b250 DEOPT PACKING pc=0x000001d9680e37e3 sp=0x000000142e7fe7e0
Event: 21.287 Thread 0x000001d900f2b250 DEOPT UNPACKING pc=0x000001d96ea06e43 sp=0x000000142e7fdc80 mode 0
Event: 21.292 Thread 0x000001d900f2b250 DEOPT PACKING pc=0x000001d9680e37e3 sp=0x000000142e7fe7e0
Event: 21.292 Thread 0x000001d900f2b250 DEOPT UNPACKING pc=0x000001d96ea06e43 sp=0x000000142e7fdc80 mode 0
Event: 21.296 Thread 0x000001d900f2b250 DEOPT PACKING pc=0x000001d9680e37e3 sp=0x000000142e7fe740
Event: 21.296 Thread 0x000001d900f2b250 DEOPT UNPACKING pc=0x000001d96ea06e43 sp=0x000000142e7fdbe0 mode 0
Event: 21.299 Thread 0x000001d900f2b250 DEOPT PACKING pc=0x000001d9680e37e3 sp=0x000000142e7fe7d0
Event: 21.299 Thread 0x000001d900f2b250 DEOPT UNPACKING pc=0x000001d96ea06e43 sp=0x000000142e7fdc70 mode 0
Event: 21.302 Thread 0x000001d900f2b250 DEOPT PACKING pc=0x000001d9680e37e3 sp=0x000000142e7fe610
Event: 21.302 Thread 0x000001d900f2b250 DEOPT UNPACKING pc=0x000001d96ea06e43 sp=0x000000142e7fdab0 mode 0
Event: 21.306 Thread 0x000001d900f2b250 DEOPT PACKING pc=0x000001d9680e37e3 sp=0x000000142e7fe960
Event: 21.306 Thread 0x000001d900f2b250 DEOPT UNPACKING pc=0x000001d96ea06e43 sp=0x000000142e7fde00 mode 0
Event: 21.311 Thread 0x000001d900f2b250 DEOPT PACKING pc=0x000001d9680e37e3 sp=0x000000142e7fe610
Event: 21.311 Thread 0x000001d900f2b250 DEOPT UNPACKING pc=0x000001d96ea06e43 sp=0x000000142e7fdab0 mode 0
Event: 21.336 Thread 0x000001d900f29e10 Uncommon trap: trap_request=0xffffffde fr.pc=0x000001d96f2ddd50 relative=0x0000000000000210
Event: 21.336 Thread 0x000001d900f29e10 Uncommon trap: reason=class_check action=maybe_recompile pc=0x000001d96f2ddd50 method=java.util.regex.Matcher.getTextLength()I @ 4 c2
Event: 21.336 Thread 0x000001d900f29e10 DEOPT PACKING pc=0x000001d96f2ddd50 sp=0x000000142dbfe250
Event: 21.336 Thread 0x000001d900f29e10 DEOPT UNPACKING pc=0x000001d96ea066a3 sp=0x000000142dbfe178 mode 2
Event: 21.498 Thread 0x000001d900f29e10 DEOPT PACKING pc=0x000001d96775ce3b sp=0x000000142dbfe230
Event: 21.499 Thread 0x000001d900f29e10 DEOPT UNPACKING pc=0x000001d96ea06e43 sp=0x000000142dbfd6a0 mode 0

Classes loaded (20 events):
Event: 20.385 Loading class java/util/stream/Streams$ConcatSpliterator$OfRef
Event: 20.385 Loading class java/util/stream/Streams$ConcatSpliterator
Event: 20.385 Loading class java/util/stream/Streams$ConcatSpliterator done
Event: 20.386 Loading class java/util/stream/Streams$ConcatSpliterator$OfRef done
Event: 20.387 Loading class java/util/stream/Streams$2
Event: 20.388 Loading class java/util/stream/Streams$2 done
Event: 20.390 Loading class java/nio/channels/NonWritableChannelException
Event: 20.390 Loading class java/nio/channels/NonWritableChannelException done
Event: 20.757 Loading class java/lang/annotation/ElementType
Event: 20.757 Loading class java/lang/annotation/ElementType done
Event: 20.769 Loading class java/util/WeakHashMap$KeyIterator
Event: 20.770 Loading class java/util/WeakHashMap$KeyIterator done
Event: 20.944 Loading class java/time/Clock$SystemClock
Event: 20.944 Loading class java/time/Clock$SystemClock done
Event: 21.029 Loading class java/util/Collections$2
Event: 21.030 Loading class java/util/Collections$2 done
Event: 21.169 Loading class java/lang/annotation/IncompleteAnnotationException
Event: 21.169 Loading class java/lang/annotation/IncompleteAnnotationException done
Event: 21.172 Loading class java/lang/invoke/MethodHandleImpl$CountingWrapper
Event: 21.173 Loading class java/lang/invoke/MethodHandleImpl$CountingWrapper done

Classes unloaded (7 events):
Event: 19.327 Thread 0x000001d964957ff0 Unloading class 0x0000000100280000 'java/lang/invoke/LambdaForm$MH+0x0000000100280000'
Event: 19.327 Thread 0x000001d964957ff0 Unloading class 0x000000010023fc00 'java/lang/invoke/LambdaForm$MH+0x000000010023fc00'
Event: 19.327 Thread 0x000001d964957ff0 Unloading class 0x000000010023f800 'java/lang/invoke/LambdaForm$MH+0x000000010023f800'
Event: 19.327 Thread 0x000001d964957ff0 Unloading class 0x000000010023f400 'java/lang/invoke/LambdaForm$MH+0x000000010023f400'
Event: 19.327 Thread 0x000001d964957ff0 Unloading class 0x000000010023f000 'java/lang/invoke/LambdaForm$BMH+0x000000010023f000'
Event: 19.327 Thread 0x000001d964957ff0 Unloading class 0x000000010023ec00 'java/lang/invoke/LambdaForm$DMH+0x000000010023ec00'
Event: 19.327 Thread 0x000001d964957ff0 Unloading class 0x000000010023c400 'java/lang/invoke/LambdaForm$DMH+0x000000010023c400'

Classes redefined (0 events):
No events

Internal exceptions (20 events):
Event: 20.063 Thread 0x000001d900f2b250 Exception <a 'java/lang/NoSuchMethodError'{0x00000000eb39bc60}: 'void java.lang.invoke.DirectMethodHandle$Holder.invokeStaticInit(java.lang.Object, java.lang.Object, java.lang.Object)'> (0x00000000eb39bc60) 
thrown [s\src\hotspot\share\interpreter\linkResolver.cpp, line 759]
Event: 20.102 Thread 0x000001d9648ccf30 Exception <a 'java/lang/NoSuchMethodError'{0x00000000eb737538}: 'void java.lang.invoke.DirectMethodHandle$Holder.invokeSpecial(java.lang.Object, java.lang.Object, java.lang.Object, java.lang.Object, java.lang.Object, java.lang.Object)'> (0x00000000eb737538) 
thrown [s\src\hotspot\share\interpreter\linkResolver.cpp, line 759]
Event: 20.105 Thread 0x000001d9648ccf30 Exception <a 'java/lang/IncompatibleClassChangeError'{0x00000000eb740de8}: Found class java.lang.Object, but interface was expected> (0x00000000eb740de8) 
thrown [s\src\hotspot\share\interpreter\linkResolver.cpp, line 826]
Event: 20.132 Thread 0x000001d900f2ad40 Exception <a 'java/lang/NoSuchMethodError'{0x00000000ebab8c08}: 'java.lang.Object java.lang.invoke.Invokers$Holder.invoke_MT(java.lang.Object, java.lang.Object, java.lang.Object)'> (0x00000000ebab8c08) 
thrown [s\src\hotspot\share\interpreter\linkResolver.cpp, line 759]
Event: 20.243 Thread 0x000001d9648ccf30 Implicit null exception at 0x000001d96f30dd8c to 0x000001d96f30ddbc
Event: 20.529 Thread 0x000001d900f29e10 Exception <a 'java/lang/NoSuchMethodError'{0x00000000eb9e7b18}: 'int java.lang.invoke.DirectMethodHandle$Holder.invokeStatic(java.lang.Object, java.lang.Object, java.lang.Object, java.lang.Object, java.lang.Object)'> (0x00000000eb9e7b18) 
thrown [s\src\hotspot\share\interpreter\linkResolver.cpp, line 759]
Event: 20.557 Thread 0x000001d900f2b250 Exception <a 'sun/nio/fs/WindowsException'{0x00000000eba09900}> (0x00000000eba09900) 
thrown [s\src\hotspot\share\prims\jni.cpp, line 516]
Event: 20.776 Thread 0x000001d900f2ad40 Exception <a 'java/io/FileNotFoundException'{0x00000000eb56e590}> (0x00000000eb56e590) 
thrown [s\src\hotspot\share\prims\jni.cpp, line 516]
Event: 20.776 Thread 0x000001d900f2ad40 Exception <a 'java/io/FileNotFoundException'{0x00000000eb56f588}> (0x00000000eb56f588) 
thrown [s\src\hotspot\share\prims\jni.cpp, line 516]
Event: 20.776 Thread 0x000001d900f2ad40 Exception <a 'java/io/FileNotFoundException'{0x00000000eb5702d8}> (0x00000000eb5702d8) 
thrown [s\src\hotspot\share\prims\jni.cpp, line 516]
Event: 20.823 Thread 0x000001d900f2a830 Exception <a 'sun/nio/fs/WindowsException'{0x00000000eba85800}> (0x00000000eba85800) 
thrown [s\src\hotspot\share\prims\jni.cpp, line 516]
Event: 20.823 Thread 0x000001d900f2a830 Exception <a 'sun/nio/fs/WindowsException'{0x00000000eba86100}> (0x00000000eba86100) 
thrown [s\src\hotspot\share\prims\jni.cpp, line 516]
Event: 20.832 Thread 0x000001d900f2b250 Exception <a 'sun/nio/fs/WindowsException'{0x00000000eb9012e0}> (0x00000000eb9012e0) 
thrown [s\src\hotspot\share\prims\jni.cpp, line 516]
Event: 20.953 Thread 0x000001d900f2b250 Exception <a 'sun/nio/fs/WindowsException'{0x00000000eb027fc0}> (0x00000000eb027fc0) 
thrown [s\src\hotspot\share\prims\jni.cpp, line 516]
Event: 21.012 Thread 0x000001d9044bd7d0 Exception <a 'java/lang/NoSuchMethodError'{0x00000000eb49bac0}: 'void java.lang.invoke.DirectMethodHandle$Holder.invokeStaticInit(java.lang.Object, java.lang.Object, java.lang.Object, java.lang.Object)'> (0x00000000eb49bac0) 
thrown [s\src\hotspot\share\interpreter\linkResolver.cpp, line 759]
Event: 21.073 Thread 0x000001d9044bc8a0 Exception <a 'java/io/FileNotFoundException'{0x00000000eb680048}> (0x00000000eb680048) 
thrown [s\src\hotspot\share\prims\jni.cpp, line 516]
Event: 21.169 Thread 0x000001d9044bc8a0 Exception <a 'java/lang/NoSuchMethodError'{0x00000000eaf5ef38}: 'java.lang.Object java.lang.invoke.DirectMethodHandle$Holder.invokeStatic(java.lang.Object, int, java.lang.Object, java.lang.Object)'> (0x00000000eaf5ef38) 
thrown [s\src\hotspot\share\interpreter\linkResolver.cpp, line 759]
Event: 21.171 Thread 0x000001d900f29e10 Exception <a 'java/lang/NoClassDefFoundError'{0x00000000eb038368}: javax/enterprise/inject/Typed> (0x00000000eb038368) 
thrown [s\src\hotspot\share\classfile\systemDictionary.cpp, line 245]
Event: 21.171 Thread 0x000001d9044bc8a0 Exception <a 'java/lang/NoSuchMethodError'{0x00000000eafddde0}: 'java.lang.Object java.lang.invoke.DelegatingMethodHandle$Holder.delegate(java.lang.Object, int, java.lang.Object, java.lang.Object)'> (0x00000000eafddde0) 
thrown [s\src\hotspot\share\interpreter\linkResolver.cpp, line 759]
Event: 21.179 Thread 0x000001d9044bc8a0 Exception <a 'java/lang/NoSuchMethodError'{0x00000000eb105590}: 'int java.lang.invoke.Invokers$Holder.linkToTargetMethod(java.lang.Object, java.lang.Object, java.lang.Object)'> (0x00000000eb105590) 
thrown [s\src\hotspot\share\interpreter\linkResolver.cpp, line 759]

VM Operations (20 events):
Event: 20.602 Executing VM operation: HandshakeAllThreads
Event: 20.607 Executing VM operation: HandshakeAllThreads done
Event: 20.656 Executing VM operation: ParallelGCFailedAllocation
Event: 20.662 Executing VM operation: ParallelGCFailedAllocation done
Event: 20.719 Executing VM operation: ParallelGCFailedAllocation
Event: 20.725 Executing VM operation: ParallelGCFailedAllocation done
Event: 20.881 Executing VM operation: ParallelGCFailedAllocation
Event: 20.899 Executing VM operation: ParallelGCFailedAllocation done
Event: 21.096 Executing VM operation: HandshakeAllThreads
Event: 21.096 Executing VM operation: HandshakeAllThreads done
Event: 21.133 Executing VM operation: ParallelGCFailedAllocation
Event: 21.138 Executing VM operation: ParallelGCFailedAllocation done
Event: 21.269 Executing VM operation: ParallelGCFailedAllocation
Event: 21.275 Executing VM operation: ParallelGCFailedAllocation done
Event: 21.375 Executing VM operation: ParallelGCFailedAllocation
Event: 21.377 Executing VM operation: ParallelGCFailedAllocation done
Event: 21.466 Executing VM operation: ParallelGCFailedAllocation
Event: 21.466 Executing VM operation: ParallelGCFailedAllocation done
Event: 21.467 Executing VM operation: ParallelGCSystemGC
Event: 21.468 Executing VM operation: ParallelGCSystemGC done

Memory protections (0 events):
No events

Nmethod flushes (20 events):
Event: 20.656 Thread 0x000001d97d8d3e70 flushing  nmethod 0x000001d96811bd90
Event: 20.656 Thread 0x000001d97d8d3e70 flushing  nmethod 0x000001d96811e310
Event: 20.656 Thread 0x000001d97d8d3e70 flushing  nmethod 0x000001d96811e890
Event: 20.656 Thread 0x000001d97d8d3e70 flushing  nmethod 0x000001d96811fc90
Event: 20.656 Thread 0x000001d97d8d3e70 flushing  nmethod 0x000001d968120610
Event: 20.656 Thread 0x000001d97d8d3e70 flushing  nmethod 0x000001d968121990
Event: 20.656 Thread 0x000001d97d8d3e70 flushing  nmethod 0x000001d968121d10
Event: 20.656 Thread 0x000001d97d8d3e70 flushing  nmethod 0x000001d968122490
Event: 20.656 Thread 0x000001d97d8d3e70 flushing  nmethod 0x000001d968122d10
Event: 20.656 Thread 0x000001d97d8d3e70 flushing  nmethod 0x000001d968124590
Event: 20.656 Thread 0x000001d97d8d3e70 flushing  nmethod 0x000001d968124c90
Event: 20.656 Thread 0x000001d97d8d3e70 flushing  nmethod 0x000001d968125010
Event: 20.656 Thread 0x000001d97d8d3e70 flushing  nmethod 0x000001d968125610
Event: 20.656 Thread 0x000001d97d8d3e70 flushing  nmethod 0x000001d968125990
Event: 20.656 Thread 0x000001d97d8d3e70 flushing  nmethod 0x000001d968126110
Event: 20.656 Thread 0x000001d97d8d3e70 flushing  nmethod 0x000001d968127790
Event: 20.656 Thread 0x000001d97d8d3e70 flushing  nmethod 0x000001d968127f10
Event: 20.656 Thread 0x000001d97d8d3e70 flushing  nmethod 0x000001d96812aa90
Event: 20.656 Thread 0x000001d97d8d3e70 flushing  nmethod 0x000001d96812c510
Event: 20.662 Thread 0x000001d97d8d3e70 flushing  nmethod 0x000001d96816c810

Events (20 events):
Event: 19.721 Thread 0x000001d9648ccf30 Thread added: 0x000001d900f31280
Event: 19.721 Thread 0x000001d9648ccf30 Thread added: 0x000001d900f30350
Event: 19.722 Thread 0x000001d9648ccf30 Thread added: 0x000001d900f2fe40
Event: 19.722 Thread 0x000001d9648ccf30 Thread added: 0x000001d900f2e4f0
Event: 19.722 Thread 0x000001d9648ccf30 Thread added: 0x000001d900717520
Event: 19.722 Thread 0x000001d9648ccf30 Thread added: 0x000001d9007151b0
Event: 19.722 Thread 0x000001d9648ccf30 Thread added: 0x000001d900715bd0
Event: 19.722 Thread 0x000001d9648ccf30 Thread added: 0x000001d900717a30
Event: 19.722 Thread 0x000001d9648ccf30 Thread added: 0x000001d9007165f0
Event: 19.742 Thread 0x000001d9648ccf30 Thread added: 0x000001d900714790
Event: 19.959 Thread 0x000001d900f2a830 Thread added: 0x000001d900716b00
Event: 19.959 Thread 0x000001d900f2b250 Thread added: 0x000001d9044bdce0
Event: 19.977 Thread 0x000001d900f2a830 Thread added: 0x000001d9044bd7d0
Event: 20.148 Thread 0x000001d9648ccf30 Thread added: 0x000001d9044bc390
Event: 20.148 Thread 0x000001d9648ccf30 Thread added: 0x000001d9044bc8a0
Event: 20.155 Thread 0x000001d900f44510 Thread added: 0x000001d904f158c0
Event: 20.178 Thread 0x000001d900f44510 Thread added: 0x000001d9052b0f90
Event: 20.190 Thread 0x000001d900d2d780 Thread added: 0x000001d90252f240
Event: 20.196 Thread 0x000001d900d2d780 Thread added: 0x000001d9046a4e60
Event: 20.954 Thread 0x000001d9044bdce0 Thread added: 0x000001d9044bbe80


Dynamic libraries:
0x00007ff6ceb60000 - 0x00007ff6ceb6e000 	c:\Users\nguye\.vscode\extensions\redhat.java-1.37.0-win32-x64\jre\17.0.13-win32-x86_64\bin\java.exe
0x00007ffb4e700000 - 0x00007ffb4e963000 	C:\WINDOWS\SYSTEM32\ntdll.dll
0x00007ffb4d920000 - 0x00007ffb4d9e8000 	C:\WINDOWS\System32\KERNEL32.DLL
0x00007ffb4be20000 - 0x00007ffb4c1d1000 	C:\WINDOWS\System32\KERNELBASE.dll
0x00007ffb4c420000 - 0x00007ffb4c56b000 	C:\WINDOWS\System32\ucrtbase.dll
0x00007ffb01a80000 - 0x00007ffb01a97000 	c:\Users\nguye\.vscode\extensions\redhat.java-1.37.0-win32-x64\jre\17.0.13-win32-x86_64\bin\jli.dll
0x00007ffb0e9e0000 - 0x00007ffb0e9fe000 	c:\Users\nguye\.vscode\extensions\redhat.java-1.37.0-win32-x64\jre\17.0.13-win32-x86_64\bin\VCRUNTIME140.dll
0x00007ffb4e4f0000 - 0x00007ffb4e6b8000 	C:\WINDOWS\System32\USER32.dll
0x00007ffb4bcc0000 - 0x00007ffb4bce7000 	C:\WINDOWS\System32\win32u.dll
0x00007ffb4cf80000 - 0x00007ffb4cfaa000 	C:\WINDOWS\System32\GDI32.dll
0x00007ffb300a0000 - 0x00007ffb30330000 	C:\WINDOWS\WinSxS\amd64_microsoft.windows.common-controls_6595b64144ccf1df_6.0.26100.2161_none_3e0cadb0e33078e1\COMCTL32.dll
0x00007ffb4bcf0000 - 0x00007ffb4be15000 	C:\WINDOWS\System32\gdi32full.dll
0x00007ffb4e440000 - 0x00007ffb4e4e9000 	C:\WINDOWS\System32\msvcrt.dll
0x00007ffb4bb90000 - 0x00007ffb4bc33000 	C:\WINDOWS\System32\msvcp_win.dll
0x00007ffb4dbd0000 - 0x00007ffb4dbff000 	C:\WINDOWS\System32\IMM32.DLL
0x00007ffb46110000 - 0x00007ffb4611c000 	c:\Users\nguye\.vscode\extensions\redhat.java-1.37.0-win32-x64\jre\17.0.13-win32-x86_64\bin\vcruntime140_1.dll
0x00007ffac5020000 - 0x00007ffac50ad000 	c:\Users\nguye\.vscode\extensions\redhat.java-1.37.0-win32-x64\jre\17.0.13-win32-x86_64\bin\msvcp140.dll
0x00007ffab90b0000 - 0x00007ffab9d1b000 	c:\Users\nguye\.vscode\extensions\redhat.java-1.37.0-win32-x64\jre\17.0.13-win32-x86_64\bin\server\jvm.dll
0x00007ffb4c840000 - 0x00007ffb4c8f4000 	C:\WINDOWS\System32\ADVAPI32.dll
0x00007ffb4c900000 - 0x00007ffb4c9a6000 	C:\WINDOWS\System32\sechost.dll
0x00007ffb4dda0000 - 0x00007ffb4deb6000 	C:\WINDOWS\System32\RPCRT4.dll
0x00007ffb4dc10000 - 0x00007ffb4dc84000 	C:\WINDOWS\System32\WS2_32.dll
0x00007ffb40c40000 - 0x00007ffb40c76000 	C:\WINDOWS\SYSTEM32\WINMM.dll
0x00007ffb447d0000 - 0x00007ffb447db000 	C:\WINDOWS\SYSTEM32\VERSION.dll
0x00007ffb4a7b0000 - 0x00007ffb4a7fe000 	C:\WINDOWS\SYSTEM32\POWRPROF.dll
0x00007ffb4a790000 - 0x00007ffb4a7a4000 	C:\WINDOWS\SYSTEM32\UMPDC.dll
0x00007ffb4aa50000 - 0x00007ffb4aa6a000 	C:\WINDOWS\SYSTEM32\kernel.appcore.dll
0x00007ffb42750000 - 0x00007ffb4275a000 	c:\Users\nguye\.vscode\extensions\redhat.java-1.37.0-win32-x64\jre\17.0.13-win32-x86_64\bin\jimage.dll
0x00007ffb49270000 - 0x00007ffb494b1000 	C:\WINDOWS\SYSTEM32\DBGHELP.DLL
0x00007ffb4e0c0000 - 0x00007ffb4e43d000 	C:\WINDOWS\System32\combase.dll
0x00007ffb4c570000 - 0x00007ffb4c646000 	C:\WINDOWS\System32\OLEAUT32.dll
0x00007ffb2d010000 - 0x00007ffb2d049000 	C:\WINDOWS\SYSTEM32\dbgcore.DLL
0x00007ffb4baf0000 - 0x00007ffb4bb89000 	C:\WINDOWS\System32\bcryptPrimitives.dll
0x00007ffb33260000 - 0x00007ffb3326e000 	c:\Users\nguye\.vscode\extensions\redhat.java-1.37.0-win32-x64\jre\17.0.13-win32-x86_64\bin\instrument.dll
0x00007ffafd950000 - 0x00007ffafd975000 	c:\Users\nguye\.vscode\extensions\redhat.java-1.37.0-win32-x64\jre\17.0.13-win32-x86_64\bin\java.dll
0x00007ffb01880000 - 0x00007ffb01898000 	c:\Users\nguye\.vscode\extensions\redhat.java-1.37.0-win32-x64\jre\17.0.13-win32-x86_64\bin\zip.dll
0x00007ffb4d1e0000 - 0x00007ffb4d8df000 	C:\WINDOWS\System32\SHELL32.dll
0x00007ffb49840000 - 0x00007ffb4a06d000 	C:\WINDOWS\SYSTEM32\windows.storage.dll
0x00007ffb4da00000 - 0x00007ffb4dad3000 	C:\WINDOWS\System32\SHCORE.dll
0x00007ffb4dc90000 - 0x00007ffb4dced000 	C:\WINDOWS\System32\shlwapi.dll
0x00007ffb4ba00000 - 0x00007ffb4ba2e000 	C:\WINDOWS\SYSTEM32\profapi.dll
0x00007ffb01830000 - 0x00007ffb01849000 	C:\Users\nguye\.vscode\extensions\redhat.java-1.37.0-win32-x64\jre\17.0.13-win32-x86_64\bin\net.dll
0x00007ffb458d0000 - 0x00007ffb459f6000 	C:\WINDOWS\SYSTEM32\WINHTTP.dll
0x00007ffb4af50000 - 0x00007ffb4afb8000 	C:\WINDOWS\system32\mswsock.dll
0x00007ffacefd0000 - 0x00007ffacefe6000 	C:\Users\nguye\.vscode\extensions\redhat.java-1.37.0-win32-x64\jre\17.0.13-win32-x86_64\bin\nio.dll
0x00007ffb298e0000 - 0x00007ffb298f0000 	c:\Users\nguye\.vscode\extensions\redhat.java-1.37.0-win32-x64\jre\17.0.13-win32-x86_64\bin\verify.dll
0x00007ffb07420000 - 0x00007ffb07465000 	C:\Users\nguye\AppData\Roaming\Code\User\globalStorage\redhat.java\1.37.0\config_win\org.eclipse.equinox.launcher\org.eclipse.equinox.launcher.win32.win32.x86_64_1.2.1100.v20240722-2106\eclipse_11904.dll
0x00007ffb4c650000 - 0x00007ffb4c7e9000 	C:\WINDOWS\System32\ole32.dll
0x00007ffb4b200000 - 0x00007ffb4b21c000 	C:\WINDOWS\SYSTEM32\CRYPTSP.dll
0x00007ffb4a9b0000 - 0x00007ffb4a9e8000 	C:\WINDOWS\system32\rsaenh.dll
0x00007ffb4aff0000 - 0x00007ffb4b01b000 	C:\WINDOWS\SYSTEM32\USERENV.dll
0x00007ffb4b430000 - 0x00007ffb4b456000 	C:\WINDOWS\SYSTEM32\bcrypt.dll
0x00007ffb4b1f0000 - 0x00007ffb4b1fc000 	C:\WINDOWS\SYSTEM32\CRYPTBASE.dll
0x00007ffb4a4a0000 - 0x00007ffb4a4d1000 	C:\WINDOWS\SYSTEM32\IPHLPAPI.DLL
0x00007ffb4c9c0000 - 0x00007ffb4c9ca000 	C:\WINDOWS\System32\NSI.dll
0x00007ffb46af0000 - 0x00007ffb46b0e000 	C:\WINDOWS\SYSTEM32\dhcpcsvc6.DLL
0x00007ffb46680000 - 0x00007ffb466a5000 	C:\WINDOWS\SYSTEM32\dhcpcsvc.DLL
0x00007ffb4a4e0000 - 0x00007ffb4a605000 	C:\WINDOWS\SYSTEM32\DNSAPI.dll
0x00007fface820000 - 0x00007fface869000 	C:\Users\nguye\AppData\Local\Temp\jna-104772072\jna7061781843306693172.dll
0x00007ffb4c9b0000 - 0x00007ffb4c9b8000 	C:\WINDOWS\System32\PSAPI.DLL

dbghelp: loaded successfully - version: 4.0.5 - missing functions: none
symbol engine: initialized successfully - sym options: 0x614 - pdb path: .;c:\Users\nguye\.vscode\extensions\redhat.java-1.37.0-win32-x64\jre\17.0.13-win32-x86_64\bin;C:\WINDOWS\SYSTEM32;C:\WINDOWS\WinSxS\amd64_microsoft.windows.common-controls_6595b64144ccf1df_6.0.26100.2161_none_3e0cadb0e33078e1;c:\Users\nguye\.vscode\extensions\redhat.java-1.37.0-win32-x64\jre\17.0.13-win32-x86_64\bin\server;C:\Users\nguye\AppData\Roaming\Code\User\globalStorage\redhat.java\1.37.0\config_win\org.eclipse.equinox.launcher\org.eclipse.equinox.launcher.win32.win32.x86_64_1.2.1100.v20240722-2106;C:\Users\nguye\AppData\Local\Temp\jna-104772072

VM Arguments:
jvm_args: --add-modules=ALL-SYSTEM --add-opens=java.base/java.util=ALL-UNNAMED --add-opens=java.base/java.lang=ALL-UNNAMED --add-opens=java.base/sun.nio.fs=ALL-UNNAMED -Declipse.application=org.eclipse.jdt.ls.core.id1 -Dosgi.bundles.defaultStartLevel=4 -Declipse.product=org.eclipse.jdt.ls.core.product -Djava.import.generatesMetadataFilesAtProjectRoot=false -DDetectVMInstallationsJob.disabled=true -Dfile.encoding=utf8 -XX:+UseParallelGC -XX:GCTimeRatio=4 -XX:AdaptiveSizePolicyWeight=90 -Dsun.zip.disableMemoryMapping=true -Xmx1G -Xms100m -Xlog:disable -javaagent:c:\Users\nguye\.vscode\extensions\redhat.java-1.37.0-win32-x64\lombok\lombok-1.18.34.jar -XX:+HeapDumpOnOutOfMemoryError -XX:HeapDumpPath=c:\Users\nguye\AppData\Roaming\Code\User\workspaceStorage\aed91de4511fc9217d01603f6463c4db\redhat.java -Daether.dependencyCollector.impl=bf 
java_command: c:\Users\nguye\.vscode\extensions\redhat.java-1.37.0-win32-x64\server\plugins\org.eclipse.equinox.launcher_1.6.900.v20240613-2009.jar -configuration c:\Users\nguye\AppData\Roaming\Code\User\globalStorage\redhat.java\1.37.0\config_win -data c:\Users\nguye\AppData\Roaming\Code\User\workspaceStorage\aed91de4511fc9217d01603f6463c4db\redhat.java\jdt_ws --pipe=\\.\pipe\lsp-282a66f6ef460571db44e688a4446d1b-sock
java_class_path (initial): c:\Users\nguye\.vscode\extensions\redhat.java-1.37.0-win32-x64\server\plugins\org.eclipse.equinox.launcher_1.6.900.v20240613-2009.jar
Launcher Type: SUN_STANDARD

[Global flags]
    uintx AdaptiveSizePolicyWeight                 = 90                                        {product} {command line}
     intx CICompilerCount                          = 12                                        {product} {ergonomic}
    uintx GCTimeRatio                              = 4                                         {product} {command line}
     bool HeapDumpOnOutOfMemoryError               = true                                   {manageable} {command line}
    ccstr HeapDumpPath                             = c:\Users\nguye\AppData\Roaming\Code\User\workspaceStorage\aed91de4511fc9217d01603f6463c4db\redhat.java         {manageable} {command line}
   size_t InitialHeapSize                          = 104857600                                 {product} {command line}
   size_t MaxHeapSize                              = 1073741824                                {product} {command line}
   size_t MaxNewSize                               = 357564416                                 {product} {ergonomic}
   size_t MinHeapDeltaBytes                        = 524288                                    {product} {ergonomic}
   size_t MinHeapSize                              = 104857600                                 {product} {command line}
   size_t NewSize                                  = 34603008                                  {product} {ergonomic}
    uintx NonNMethodCodeHeapSize                   = 7602480                                {pd product} {ergonomic}
    uintx NonProfiledCodeHeapSize                  = 122027880                              {pd product} {ergonomic}
   size_t OldSize                                  = 70254592                                  {product} {ergonomic}
    uintx ProfiledCodeHeapSize                     = 122027880                              {pd product} {ergonomic}
    uintx ReservedCodeCacheSize                    = 251658240                              {pd product} {ergonomic}
     bool SegmentedCodeCache                       = true                                      {product} {ergonomic}
   size_t SoftMaxHeapSize                          = 1073741824                             {manageable} {ergonomic}
     bool UseCompressedClassPointers               = true                           {product lp64_product} {ergonomic}
     bool UseCompressedOops                        = true                           {product lp64_product} {ergonomic}
     bool UseLargePagesIndividualAllocation        = false                                  {pd product} {ergonomic}
     bool UseParallelGC                            = true                                      {product} {command line}

Logging:
Log output configuration:
 #0: stdout all=off uptime,level,tags
 #1: stderr all=off uptime,level,tags

Environment Variables:
JAVA_HOME=C:\Program Files\Java\jdk-21.0.5+11
PATH=C:\Program Files\Python312\Scripts\;C:\Program Files\Python312\;C:\Program Files\Common Files\Oracle\Java\javapath;C:\WINDOWS\system32;C:\WINDOWS;C:\WINDOWS\System32\Wbem;C:\WINDOWS\System32\WindowsPowerShell\v1.0\;C:\WINDOWS\System32\OpenSSH\;C:\Program Files\nodejs\;C:\Program Files\Git\cmd;C:\Program Files\Docker\Docker\resources\bin;C:\Program Files\Java\jdk-21.0.5+11\bin;C:\Users\nguye\AppData\Local\Microsoft\WindowsApps;C:\Users\nguye\AppData\Roaming\npm;C:\Users\nguye\AppData\Local\Programs\Microsoft VS Code\bin;C:\Program Files\JetBrains\IntelliJ IDEA 2024.3\bin;;C:\Users\nguye\AppData\Local\Programs\oh-my-posh\bin;C:\Program Files\JetBrains\DataGrip 2024.3\bin;;C:\Program Files\Python312\Scripts\;C:\Program Files\Python312\;
USERNAME=nguye
OS=Windows_NT
PROCESSOR_IDENTIFIER=Intel64 Family 6 Model 154 Stepping 3, GenuineIntel
TMP=C:\Users\nguye\AppData\Local\Temp
TEMP=C:\Users\nguye\AppData\Local\Temp



Periodic native trim disabled


---------------  S Y S T E M  ---------------

OS:
 Windows 11 , 64 bit Build 26100 (10.0.26100.2161)
OS uptime: 0 days 0:16 hours
Hyper-V role detected

CPU: total 20 (initial active 20) (10 cores per cpu, 2 threads per core) family 6 model 154 stepping 3 microcode 0x429, cx8, cmov, fxsr, ht, mmx, 3dnowpref, sse, sse2, sse3, ssse3, sse4.1, sse4.2, popcnt, lzcnt, tsc, tscinvbit, avx, avx2, aes, erms, clmul, bmi1, bmi2, adx, sha, fma, vzeroupper, clflush, clflushopt, clwb, hv
Processor Information for processor 0
  Max Mhz: 2300, Current Mhz: 2300, Mhz Limit: 2300
Processor Information for processor 1
  Max Mhz: 2300, Current Mhz: 2300, Mhz Limit: 2300
Processor Information for processor 2
  Max Mhz: 2300, Current Mhz: 2300, Mhz Limit: 2300
Processor Information for processor 3
  Max Mhz: 2300, Current Mhz: 2300, Mhz Limit: 2300
Processor Information for processor 4
  Max Mhz: 2300, Current Mhz: 2300, Mhz Limit: 2300
Processor Information for processor 5
  Max Mhz: 2300, Current Mhz: 2300, Mhz Limit: 2300
Processor Information for processor 6
  Max Mhz: 2300, Current Mhz: 2300, Mhz Limit: 2300
Processor Information for processor 7
  Max Mhz: 2300, Current Mhz: 2300, Mhz Limit: 2300
Processor Information for processor 8
  Max Mhz: 2300, Current Mhz: 2300, Mhz Limit: 2300
Processor Information for processor 9
  Max Mhz: 2300, Current Mhz: 2300, Mhz Limit: 2300
Processor Information for processor 10
  Max Mhz: 2300, Current Mhz: 2300, Mhz Limit: 2300
Processor Information for processor 11
  Max Mhz: 2300, Current Mhz: 2300, Mhz Limit: 2300
Processor Information for processor 12
  Max Mhz: 2300, Current Mhz: 1488, Mhz Limit: 2300
Processor Information for processor 13
  Max Mhz: 2300, Current Mhz: 2300, Mhz Limit: 2300
Processor Information for processor 14
  Max Mhz: 2300, Current Mhz: 2300, Mhz Limit: 2300
Processor Information for processor 15
  Max Mhz: 2300, Current Mhz: 2300, Mhz Limit: 2300
Processor Information for processor 16
  Max Mhz: 2300, Current Mhz: 1488, Mhz Limit: 2300
Processor Information for processor 17
  Max Mhz: 2300, Current Mhz: 2300, Mhz Limit: 2300
Processor Information for processor 18
  Max Mhz: 2300, Current Mhz: 1488, Mhz Limit: 2300
Processor Information for processor 19
  Max Mhz: 2300, Current Mhz: 1488, Mhz Limit: 2300

Memory: 4k page, system-wide physical 16004M (4871M free)
TotalPageFile size 37508M (AvailPageFile size 23898M)
current process WorkingSet (physical memory assigned to process): 268M, peak: 270M
current process commit charge ("private bytes"): 358M, peak: 360M

vm_info: OpenJDK 64-Bit Server VM (17.0.13+11) for windows-amd64 JRE (17.0.13+11), built on Oct 16 2024 00:10:08 by "admin" with MS VC++ 17.7 (VS2022)

END.
